{"C:\\Users\\pseno\\OneDrive\\Área de Trabalho\\ObrasKauany\\AppOperacao\\components\\AuthGuard.tsx": {"path":"C:\\Users\\pseno\\OneDrive\\Área de Trabalho\\ObrasKauany\\AppOperacao\\components\\AuthGuard.tsx","statementMap":{"0":{"start":{"line":11,"column":39},"end":{"line":11,"column":48}},"1":{"start":{"line":13,"column":2},"end":{"line":19,"column":3}},"2":{"start":{"line":14,"column":4},"end":{"line":18,"column":6}},"3":{"start":{"line":21,"column":2},"end":{"line":23,"column":3}},"4":{"start":{"line":22,"column":4},"end":{"line":22,"column":38}},"5":{"start":{"line":25,"column":2},"end":{"line":25,"column":25}},"6":{"start":{"line":28,"column":15},"end":{"line":35,"column":2}}},"fnMap":{"0":{"name":"AuthGuard","decl":{"start":{"line":10,"column":24},"end":{"line":10,"column":33}},"loc":{"start":{"line":10,"column":64},"end":{"line":26,"column":1}},"line":10}},"branchMap":{"0":{"loc":{"start":{"line":13,"column":2},"end":{"line":19,"column":3}},"type":"if","locations":[{"start":{"line":13,"column":2},"end":{"line":19,"column":3}},{"start":{},"end":{}}],"line":13},"1":{"loc":{"start":{"line":21,"column":2},"end":{"line":23,"column":3}},"type":"if","locations":[{"start":{"line":21,"column":2},"end":{"line":23,"column":3}},{"start":{},"end":{}}],"line":21}},"s":{"0":0,"1":0,"2":0,"3":0,"4":0,"5":0,"6":0},"f":{"0":0},"b":{"0":[0,0],"1":[0,0]}}
,"C:\\Users\\pseno\\OneDrive\\Área de Trabalho\\ObrasKauany\\AppOperacao\\components\\ChecklistModal.tsx": {"path":"C:\\Users\\pseno\\OneDrive\\Área de Trabalho\\ObrasKauany\\AppOperacao\\components\\ChecklistModal.tsx","statementMap":{"0":{"start":{"line":41,"column":26},"end":{"line":41,"column":35}},"1":{"start":{"line":42,"column":37},"end":{"line":42,"column":55}},"2":{"start":{"line":43,"column":31},"end":{"line":43,"column":71}},"3":{"start":{"line":43,"column":46},"end":{"line":43,"column":70}},"4":{"start":{"line":44,"column":30},"end":{"line":44,"column":52}},"5":{"start":{"line":45,"column":38},"end":{"line":45,"column":63}},"6":{"start":{"line":46,"column":32},"end":{"line":46,"column":62}},"7":{"start":{"line":49,"column":25},"end":{"line":49,"column":119}},"8":{"start":{"line":50,"column":38},"end":{"line":50,"column":68}},"9":{"start":{"line":51,"column":44},"end":{"line":51,"column":64}},"10":{"start":{"line":52,"column":46},"end":{"line":52,"column":71}},"11":{"start":{"line":53,"column":34},"end":{"line":57,"column":4}},"12":{"start":{"line":58,"column":38},"end":{"line":71,"column":4}},"13":{"start":{"line":72,"column":42},"end":{"line":72,"column":57}},"14":{"start":{"line":73,"column":46},"end":{"line":73,"column":57}},"15":{"start":{"line":74,"column":44},"end":{"line":74,"column":55}},"16":{"start":{"line":75,"column":50},"end":{"line":75,"column":61}},"17":{"start":{"line":76,"column":56},"end":{"line":76,"column":71}},"18":{"start":{"line":78,"column":2},"end":{"line":82,"column":27}},"19":{"start":{"line":79,"column":4},"end":{"line":81,"column":5}},"20":{"start":{"line":80,"column":6},"end":{"line":80,"column":17}},"21":{"start":{"line":84,"column":19},"end":{"line":180,"column":3}},"22":{"start":{"line":86,"column":4},"end":{"line":179,"column":5}},"23":{"start":{"line":89,"column":6},"end":{"line":101,"column":7}},"24":{"start":{"line":91,"column":8},"end":{"line":91,"column":47}},"25":{"start":{"line":92,"column":8},"end":{"line":92,"column":43}},"26":{"start":{"line":93,"column":8},"end":{"line":93,"column":46}},"27":{"start":{"line":94,"column":8},"end":{"line":94,"column":70}},"28":{"start":{"line":97,"column":8},"end":{"line":97,"column":62}},"29":{"start":{"line":98,"column":8},"end":{"line":98,"column":58}},"30":{"start":{"line":99,"column":8},"end":{"line":99,"column":61}},"31":{"start":{"line":100,"column":8},"end":{"line":100,"column":85}},"32":{"start":{"line":103,"column":26},"end":{"line":103,"column":75}},"33":{"start":{"line":103,"column":56},"end":{"line":103,"column":74}},"34":{"start":{"line":105,"column":6},"end":{"line":175,"column":7}},"35":{"start":{"line":107,"column":8},"end":{"line":107,"column":32}},"36":{"start":{"line":110,"column":8},"end":{"line":117,"column":9}},"37":{"start":{"line":111,"column":10},"end":{"line":115,"column":12}},"38":{"start":{"line":116,"column":10},"end":{"line":116,"column":17}},"39":{"start":{"line":119,"column":8},"end":{"line":119,"column":30}},"40":{"start":{"line":120,"column":8},"end":{"line":120,"column":33}},"41":{"start":{"line":123,"column":36},"end":{"line":126,"column":11}},"42":{"start":{"line":123,"column":75},"end":{"line":126,"column":9}},"43":{"start":{"line":125,"column":66},"end":{"line":125,"column":81}},"44":{"start":{"line":127,"column":8},"end":{"line":127,"column":63}},"45":{"start":{"line":130,"column":28},"end":{"line":130,"column":66}},"46":{"start":{"line":131,"column":36},"end":{"line":133,"column":14}},"47":{"start":{"line":135,"column":20},"end":{"line":135,"column":30}},"48":{"start":{"line":136,"column":28},"end":{"line":136,"column":99}},"49":{"start":{"line":138,"column":58},"end":{"line":152,"column":9}},"50":{"start":{"line":154,"column":8},"end":{"line":172,"column":9}},"51":{"start":{"line":155,"column":37},"end":{"line":155,"column":75}},"52":{"start":{"line":156,"column":10},"end":{"line":162,"column":11}},"53":{"start":{"line":158,"column":12},"end":{"line":158,"column":46}},"54":{"start":{"line":161,"column":12},"end":{"line":161,"column":45}},"55":{"start":{"line":164,"column":10},"end":{"line":164,"column":63}},"56":{"start":{"line":165,"column":10},"end":{"line":171,"column":11}},"57":{"start":{"line":168,"column":12},"end":{"line":168,"column":45}},"58":{"start":{"line":170,"column":12},"end":{"line":170,"column":74}},"59":{"start":{"line":177,"column":6},"end":{"line":177,"column":54}},"60":{"start":{"line":178,"column":6},"end":{"line":178,"column":53}},"61":{"start":{"line":182,"column":28},"end":{"line":190,"column":3}},"62":{"start":{"line":183,"column":4},"end":{"line":183,"column":28}},"63":{"start":{"line":184,"column":4},"end":{"line":184,"column":26}},"64":{"start":{"line":185,"column":4},"end":{"line":189,"column":7}},"65":{"start":{"line":192,"column":24},"end":{"line":267,"column":3}},"66":{"start":{"line":195,"column":4},"end":{"line":198,"column":5}},"67":{"start":{"line":196,"column":6},"end":{"line":196,"column":92}},"68":{"start":{"line":197,"column":6},"end":{"line":197,"column":13}},"69":{"start":{"line":200,"column":25},"end":{"line":200,"column":76}},"70":{"start":{"line":200,"column":49},"end":{"line":200,"column":75}},"71":{"start":{"line":201,"column":4},"end":{"line":205,"column":5}},"72":{"start":{"line":202,"column":6},"end":{"line":202,"column":62}},"73":{"start":{"line":204,"column":6},"end":{"line":204,"column":13}},"74":{"start":{"line":209,"column":51},"end":{"line":216,"column":5}},"75":{"start":{"line":214,"column":89},"end":{"line":214,"column":104}},"76":{"start":{"line":219,"column":4},"end":{"line":258,"column":7}},"77":{"start":{"line":220,"column":26},"end":{"line":220,"column":35}},"78":{"start":{"line":222,"column":6},"end":{"line":256,"column":7}},"79":{"start":{"line":224,"column":35},"end":{"line":224,"column":86}},"80":{"start":{"line":224,"column":70},"end":{"line":224,"column":85}},"81":{"start":{"line":225,"column":8},"end":{"line":228,"column":9}},"82":{"start":{"line":226,"column":10},"end":{"line":226,"column":87}},"83":{"start":{"line":227,"column":10},"end":{"line":227,"column":22}},"84":{"start":{"line":229,"column":8},"end":{"line":236,"column":11}},"85":{"start":{"line":230,"column":10},"end":{"line":235,"column":31}},"86":{"start":{"line":240,"column":30},"end":{"line":240,"column":115}},"87":{"start":{"line":240,"column":51},"end":{"line":240,"column":114}},"88":{"start":{"line":242,"column":8},"end":{"line":255,"column":9}},"89":{"start":{"line":245,"column":10},"end":{"line":248,"column":12}},"90":{"start":{"line":253,"column":10},"end":{"line":253,"column":85}},"91":{"start":{"line":257,"column":6},"end":{"line":257,"column":27}},"92":{"start":{"line":261,"column":4},"end":{"line":261,"column":26}},"93":{"start":{"line":262,"column":4},"end":{"line":266,"column":7}},"94":{"start":{"line":269,"column":31},"end":{"line":275,"column":3}},"95":{"start":{"line":270,"column":4},"end":{"line":274,"column":7}},"96":{"start":{"line":271,"column":26},"end":{"line":271,"column":102}},"97":{"start":{"line":272,"column":31},"end":{"line":272,"column":101}},"98":{"start":{"line":272,"column":73},"end":{"line":272,"column":100}},"99":{"start":{"line":273,"column":6},"end":{"line":273,"column":83}},"100":{"start":{"line":277,"column":35},"end":{"line":283,"column":3}},"101":{"start":{"line":278,"column":4},"end":{"line":282,"column":7}},"102":{"start":{"line":279,"column":31},"end":{"line":279,"column":54}},"103":{"start":{"line":280,"column":6},"end":{"line":280,"column":37}},"104":{"start":{"line":281,"column":6},"end":{"line":281,"column":58}},"105":{"start":{"line":286,"column":32},"end":{"line":289,"column":3}},"106":{"start":{"line":287,"column":33},"end":{"line":287,"column":79}},"107":{"start":{"line":288,"column":4},"end":{"line":288,"column":66}},"108":{"start":{"line":291,"column":26},"end":{"line":516,"column":3}},"109":{"start":{"line":292,"column":4},"end":{"line":292,"column":26}},"110":{"start":{"line":293,"column":4},"end":{"line":515,"column":5}},"111":{"start":{"line":297,"column":6},"end":{"line":301,"column":7}},"112":{"start":{"line":298,"column":8},"end":{"line":298,"column":82}},"113":{"start":{"line":299,"column":8},"end":{"line":299,"column":31}},"114":{"start":{"line":300,"column":8},"end":{"line":300,"column":15}},"115":{"start":{"line":303,"column":6},"end":{"line":307,"column":7}},"116":{"start":{"line":304,"column":8},"end":{"line":304,"column":89}},"117":{"start":{"line":305,"column":8},"end":{"line":305,"column":31}},"118":{"start":{"line":306,"column":8},"end":{"line":306,"column":15}},"119":{"start":{"line":312,"column":6},"end":{"line":341,"column":7}},"120":{"start":{"line":315,"column":8},"end":{"line":331,"column":9}},"121":{"start":{"line":317,"column":10},"end":{"line":317,"column":66}},"122":{"start":{"line":318,"column":10},"end":{"line":322,"column":11}},"123":{"start":{"line":319,"column":12},"end":{"line":319,"column":81}},"124":{"start":{"line":321,"column":12},"end":{"line":321,"column":69}},"125":{"start":{"line":325,"column":10},"end":{"line":325,"column":81}},"126":{"start":{"line":326,"column":10},"end":{"line":330,"column":11}},"127":{"start":{"line":327,"column":12},"end":{"line":327,"column":96}},"128":{"start":{"line":329,"column":12},"end":{"line":329,"column":84}},"129":{"start":{"line":334,"column":8},"end":{"line":334,"column":74}},"130":{"start":{"line":335,"column":29},"end":{"line":337,"column":128}},"131":{"start":{"line":338,"column":8},"end":{"line":338,"column":42}},"132":{"start":{"line":339,"column":8},"end":{"line":339,"column":31}},"133":{"start":{"line":340,"column":8},"end":{"line":340,"column":15}},"134":{"start":{"line":344,"column":32},"end":{"line":344,"column":37}},"135":{"start":{"line":345,"column":6},"end":{"line":425,"column":7}},"136":{"start":{"line":346,"column":97},"end":{"line":346,"column":106}},"137":{"start":{"line":349,"column":26},"end":{"line":349,"column":91}},"138":{"start":{"line":349,"column":47},"end":{"line":349,"column":83}},"139":{"start":{"line":350,"column":31},"end":{"line":350,"column":83}},"140":{"start":{"line":352,"column":8},"end":{"line":424,"column":9}},"141":{"start":{"line":354,"column":10},"end":{"line":383,"column":11}},"142":{"start":{"line":356,"column":58},"end":{"line":356,"column":77}},"143":{"start":{"line":357,"column":49},"end":{"line":366,"column":13}},"144":{"start":{"line":368,"column":12},"end":{"line":382,"column":13}},"145":{"start":{"line":369,"column":14},"end":{"line":373,"column":15}},"146":{"start":{"line":370,"column":16},"end":{"line":370,"column":61}},"147":{"start":{"line":372,"column":16},"end":{"line":372,"column":76}},"148":{"start":{"line":376,"column":14},"end":{"line":376,"column":76}},"149":{"start":{"line":377,"column":35},"end":{"line":379,"column":145}},"150":{"start":{"line":380,"column":14},"end":{"line":380,"column":48}},"151":{"start":{"line":381,"column":14},"end":{"line":381,"column":41}},"152":{"start":{"line":386,"column":47},"end":{"line":386,"column":66}},"153":{"start":{"line":387,"column":50},"end":{"line":396,"column":11}},"154":{"start":{"line":398,"column":10},"end":{"line":423,"column":11}},"155":{"start":{"line":400,"column":12},"end":{"line":414,"column":13}},"156":{"start":{"line":402,"column":14},"end":{"line":406,"column":15}},"157":{"start":{"line":403,"column":16},"end":{"line":403,"column":75}},"158":{"start":{"line":405,"column":16},"end":{"line":405,"column":90}},"159":{"start":{"line":407,"column":19},"end":{"line":414,"column":13}},"160":{"start":{"line":409,"column":14},"end":{"line":413,"column":15}},"161":{"start":{"line":410,"column":16},"end":{"line":410,"column":89}},"162":{"start":{"line":412,"column":16},"end":{"line":412,"column":104}},"163":{"start":{"line":417,"column":12},"end":{"line":417,"column":72}},"164":{"start":{"line":418,"column":33},"end":{"line":420,"column":132}},"165":{"start":{"line":421,"column":12},"end":{"line":421,"column":46}},"166":{"start":{"line":422,"column":12},"end":{"line":422,"column":39}},"167":{"start":{"line":427,"column":6},"end":{"line":510,"column":7}},"168":{"start":{"line":428,"column":8},"end":{"line":428,"column":124}},"169":{"start":{"line":432,"column":8},"end":{"line":478,"column":9}},"170":{"start":{"line":433,"column":37},"end":{"line":433,"column":84}},"171":{"start":{"line":434,"column":35},"end":{"line":434,"column":79}},"172":{"start":{"line":438,"column":37},"end":{"line":438,"column":99}},"173":{"start":{"line":439,"column":34},"end":{"line":439,"column":66}},"174":{"start":{"line":442,"column":36},"end":{"line":444,"column":11}},"175":{"start":{"line":446,"column":10},"end":{"line":450,"column":11}},"176":{"start":{"line":447,"column":12},"end":{"line":447,"column":73}},"177":{"start":{"line":449,"column":12},"end":{"line":449,"column":88}},"178":{"start":{"line":454,"column":46},"end":{"line":454,"column":58}},"179":{"start":{"line":457,"column":37},"end":{"line":462,"column":11}},"180":{"start":{"line":464,"column":10},"end":{"line":468,"column":11}},"181":{"start":{"line":465,"column":12},"end":{"line":465,"column":68}},"182":{"start":{"line":467,"column":12},"end":{"line":467,"column":83}},"183":{"start":{"line":471,"column":10},"end":{"line":471,"column":84}},"184":{"start":{"line":472,"column":31},"end":{"line":474,"column":155}},"185":{"start":{"line":475,"column":10},"end":{"line":475,"column":44}},"186":{"start":{"line":476,"column":10},"end":{"line":476,"column":33}},"187":{"start":{"line":477,"column":10},"end":{"line":477,"column":17}},"188":{"start":{"line":483,"column":8},"end":{"line":509,"column":9}},"189":{"start":{"line":486,"column":10},"end":{"line":486,"column":45}},"190":{"start":{"line":488,"column":10},"end":{"line":488,"column":33}},"191":{"start":{"line":489,"column":10},"end":{"line":493,"column":18}},"192":{"start":{"line":490,"column":12},"end":{"line":490,"column":25}},"193":{"start":{"line":492,"column":12},"end":{"line":492,"column":22}},"194":{"start":{"line":497,"column":10},"end":{"line":508,"column":13}},"195":{"start":{"line":500,"column":14},"end":{"line":500,"column":37}},"196":{"start":{"line":502,"column":14},"end":{"line":506,"column":22}},"197":{"start":{"line":503,"column":16},"end":{"line":503,"column":29}},"198":{"start":{"line":505,"column":16},"end":{"line":505,"column":26}},"199":{"start":{"line":512,"column":6},"end":{"line":512,"column":71}},"200":{"start":{"line":513,"column":6},"end":{"line":513,"column":84}},"201":{"start":{"line":514,"column":6},"end":{"line":514,"column":29}},"202":{"start":{"line":518,"column":2},"end":{"line":521,"column":3}},"203":{"start":{"line":520,"column":4},"end":{"line":520,"column":16}},"204":{"start":{"line":523,"column":2},"end":{"line":929,"column":4}},"205":{"start":{"line":531,"column":63},"end":{"line":531,"column":82}},"206":{"start":{"line":581,"column":72},"end":{"line":581,"column":89}},"207":{"start":{"line":582,"column":14},"end":{"line":582,"column":49}},"208":{"start":{"line":583,"column":14},"end":{"line":583,"column":51}},"209":{"start":{"line":584,"column":14},"end":{"line":584,"column":60}},"210":{"start":{"line":585,"column":14},"end":{"line":585,"column":84}},"211":{"start":{"line":588,"column":14},"end":{"line":588,"column":39}},"212":{"start":{"line":589,"column":14},"end":{"line":589,"column":64}},"213":{"start":{"line":592,"column":33},"end":{"line":592,"column":57}},"214":{"start":{"line":593,"column":14},"end":{"line":593,"column":42}},"215":{"start":{"line":594,"column":14},"end":{"line":594,"column":61}},"216":{"start":{"line":618,"column":44},"end":{"line":618,"column":115}},"217":{"start":{"line":629,"column":44},"end":{"line":629,"column":113}},"218":{"start":{"line":685,"column":44},"end":{"line":685,"column":93}},"219":{"start":{"line":707,"column":44},"end":{"line":707,"column":84}},"220":{"start":{"line":717,"column":44},"end":{"line":717,"column":85}},"221":{"start":{"line":729,"column":50},"end":{"line":729,"column":107}},"222":{"start":{"line":752,"column":50},"end":{"line":752,"column":78}},"223":{"start":{"line":760,"column":22},"end":{"line":760,"column":77}},"224":{"start":{"line":774,"column":24},"end":{"line":774,"column":85}},"225":{"start":{"line":775,"column":24},"end":{"line":779,"column":27}},"226":{"start":{"line":788,"column":40},"end":{"line":788,"column":68}},"227":{"start":{"line":790,"column":26},"end":{"line":794,"column":28}},"228":{"start":{"line":799,"column":94},"end":{"line":799,"column":117}},"229":{"start":{"line":812,"column":24},"end":{"line":812,"column":70}},"230":{"start":{"line":831,"column":53},"end":{"line":831,"column":85}},"231":{"start":{"line":835,"column":53},"end":{"line":835,"column":85}},"232":{"start":{"line":847,"column":20},"end":{"line":854,"column":22}},"233":{"start":{"line":851,"column":46},"end":{"line":851,"column":83}},"234":{"start":{"line":878,"column":31},"end":{"line":878,"column":79}},"235":{"start":{"line":878,"column":52},"end":{"line":878,"column":78}},"236":{"start":{"line":880,"column":18},"end":{"line":880,"column":41}},"237":{"start":{"line":880,"column":29},"end":{"line":880,"column":41}},"238":{"start":{"line":882,"column":18},"end":{"line":895,"column":20}},"239":{"start":{"line":932,"column":15},"end":{"line":1402,"column":2}}},"fnMap":{"0":{"name":"ChecklistModal","decl":{"start":{"line":34,"column":24},"end":{"line":34,"column":38}},"loc":{"start":{"line":39,"column":24},"end":{"line":930,"column":1}},"line":39},"1":{"name":"(anonymous_1)","decl":{"start":{"line":43,"column":40},"end":{"line":43,"column":41}},"loc":{"start":{"line":43,"column":46},"end":{"line":43,"column":70}},"line":43},"2":{"name":"(anonymous_2)","decl":{"start":{"line":78,"column":12},"end":{"line":78,"column":13}},"loc":{"start":{"line":78,"column":18},"end":{"line":82,"column":3}},"line":78},"3":{"name":"(anonymous_3)","decl":{"start":{"line":84,"column":19},"end":{"line":84,"column":20}},"loc":{"start":{"line":84,"column":31},"end":{"line":180,"column":3}},"line":84},"4":{"name":"(anonymous_4)","decl":{"start":{"line":103,"column":44},"end":{"line":103,"column":45}},"loc":{"start":{"line":103,"column":56},"end":{"line":103,"column":74}},"line":103},"5":{"name":"(anonymous_5)","decl":{"start":{"line":123,"column":55},"end":{"line":123,"column":56}},"loc":{"start":{"line":123,"column":75},"end":{"line":126,"column":9}},"line":123},"6":{"name":"(anonymous_6)","decl":{"start":{"line":125,"column":61},"end":{"line":125,"column":62}},"loc":{"start":{"line":125,"column":66},"end":{"line":125,"column":81}},"line":125},"7":{"name":"(anonymous_7)","decl":{"start":{"line":182,"column":28},"end":{"line":182,"column":29}},"loc":{"start":{"line":182,"column":47},"end":{"line":190,"column":3}},"line":182},"8":{"name":"(anonymous_8)","decl":{"start":{"line":192,"column":24},"end":{"line":192,"column":25}},"loc":{"start":{"line":192,"column":30},"end":{"line":267,"column":3}},"line":192},"9":{"name":"(anonymous_9)","decl":{"start":{"line":200,"column":41},"end":{"line":200,"column":42}},"loc":{"start":{"line":200,"column":49},"end":{"line":200,"column":75}},"line":200},"10":{"name":"(anonymous_10)","decl":{"start":{"line":214,"column":84},"end":{"line":214,"column":85}},"loc":{"start":{"line":214,"column":89},"end":{"line":214,"column":104}},"line":214},"11":{"name":"(anonymous_11)","decl":{"start":{"line":219,"column":18},"end":{"line":219,"column":19}},"loc":{"start":{"line":219,"column":26},"end":{"line":258,"column":5}},"line":219},"12":{"name":"(anonymous_12)","decl":{"start":{"line":224,"column":65},"end":{"line":224,"column":66}},"loc":{"start":{"line":224,"column":70},"end":{"line":224,"column":85}},"line":224},"13":{"name":"(anonymous_13)","decl":{"start":{"line":229,"column":35},"end":{"line":229,"column":36}},"loc":{"start":{"line":229,"column":45},"end":{"line":236,"column":9}},"line":229},"14":{"name":"(anonymous_14)","decl":{"start":{"line":240,"column":45},"end":{"line":240,"column":46}},"loc":{"start":{"line":240,"column":51},"end":{"line":240,"column":114}},"line":240},"15":{"name":"(anonymous_15)","decl":{"start":{"line":269,"column":31},"end":{"line":269,"column":32}},"loc":{"start":{"line":269,"column":66},"end":{"line":275,"column":3}},"line":269},"16":{"name":"(anonymous_16)","decl":{"start":{"line":270,"column":16},"end":{"line":270,"column":17}},"loc":{"start":{"line":270,"column":24},"end":{"line":274,"column":5}},"line":270},"17":{"name":"(anonymous_17)","decl":{"start":{"line":272,"column":63},"end":{"line":272,"column":64}},"loc":{"start":{"line":272,"column":73},"end":{"line":272,"column":100}},"line":272},"18":{"name":"(anonymous_18)","decl":{"start":{"line":277,"column":35},"end":{"line":277,"column":36}},"loc":{"start":{"line":277,"column":68},"end":{"line":283,"column":3}},"line":277},"19":{"name":"(anonymous_19)","decl":{"start":{"line":278,"column":16},"end":{"line":278,"column":17}},"loc":{"start":{"line":278,"column":24},"end":{"line":282,"column":5}},"line":278},"20":{"name":"(anonymous_20)","decl":{"start":{"line":286,"column":32},"end":{"line":286,"column":33}},"loc":{"start":{"line":286,"column":55},"end":{"line":289,"column":3}},"line":286},"21":{"name":"(anonymous_21)","decl":{"start":{"line":291,"column":26},"end":{"line":291,"column":27}},"loc":{"start":{"line":291,"column":38},"end":{"line":516,"column":3}},"line":291},"22":{"name":"(anonymous_22)","decl":{"start":{"line":349,"column":42},"end":{"line":349,"column":43}},"loc":{"start":{"line":349,"column":47},"end":{"line":349,"column":83}},"line":349},"23":{"name":"(anonymous_23)","decl":{"start":{"line":489,"column":21},"end":{"line":489,"column":22}},"loc":{"start":{"line":489,"column":27},"end":{"line":493,"column":11}},"line":489},"24":{"name":"(anonymous_24)","decl":{"start":{"line":498,"column":35},"end":{"line":498,"column":36}},"loc":{"start":{"line":498,"column":41},"end":{"line":507,"column":13}},"line":498},"25":{"name":"(anonymous_25)","decl":{"start":{"line":502,"column":25},"end":{"line":502,"column":26}},"loc":{"start":{"line":502,"column":31},"end":{"line":506,"column":15}},"line":502},"26":{"name":"(anonymous_26)","decl":{"start":{"line":531,"column":56},"end":{"line":531,"column":57}},"loc":{"start":{"line":531,"column":63},"end":{"line":531,"column":82}},"line":531},"27":{"name":"(anonymous_27)","decl":{"start":{"line":580,"column":22},"end":{"line":580,"column":23}},"loc":{"start":{"line":580,"column":33},"end":{"line":586,"column":13}},"line":580},"28":{"name":"(anonymous_28)","decl":{"start":{"line":587,"column":33},"end":{"line":587,"column":34}},"loc":{"start":{"line":587,"column":52},"end":{"line":590,"column":13}},"line":587},"29":{"name":"(anonymous_29)","decl":{"start":{"line":591,"column":22},"end":{"line":591,"column":23}},"loc":{"start":{"line":591,"column":33},"end":{"line":595,"column":13}},"line":591},"30":{"name":"(anonymous_30)","decl":{"start":{"line":618,"column":34},"end":{"line":618,"column":35}},"loc":{"start":{"line":618,"column":44},"end":{"line":618,"column":115}},"line":618},"31":{"name":"(anonymous_31)","decl":{"start":{"line":629,"column":34},"end":{"line":629,"column":35}},"loc":{"start":{"line":629,"column":44},"end":{"line":629,"column":113}},"line":629},"32":{"name":"(anonymous_32)","decl":{"start":{"line":685,"column":34},"end":{"line":685,"column":35}},"loc":{"start":{"line":685,"column":44},"end":{"line":685,"column":93}},"line":685},"33":{"name":"(anonymous_33)","decl":{"start":{"line":707,"column":34},"end":{"line":707,"column":35}},"loc":{"start":{"line":707,"column":44},"end":{"line":707,"column":84}},"line":707},"34":{"name":"(anonymous_34)","decl":{"start":{"line":717,"column":34},"end":{"line":717,"column":35}},"loc":{"start":{"line":717,"column":44},"end":{"line":717,"column":85}},"line":717},"35":{"name":"(anonymous_35)","decl":{"start":{"line":729,"column":35},"end":{"line":729,"column":36}},"loc":{"start":{"line":729,"column":50},"end":{"line":729,"column":107}},"line":729},"36":{"name":"(anonymous_36)","decl":{"start":{"line":752,"column":35},"end":{"line":752,"column":36}},"loc":{"start":{"line":752,"column":50},"end":{"line":752,"column":78}},"line":752},"37":{"name":"(anonymous_37)","decl":{"start":{"line":759,"column":32},"end":{"line":759,"column":33}},"loc":{"start":{"line":760,"column":22},"end":{"line":760,"column":77}},"line":760},"38":{"name":"(anonymous_38)","decl":{"start":{"line":773,"column":37},"end":{"line":773,"column":38}},"loc":{"start":{"line":773,"column":52},"end":{"line":780,"column":23}},"line":773},"39":{"name":"(anonymous_39)","decl":{"start":{"line":788,"column":32},"end":{"line":788,"column":33}},"loc":{"start":{"line":788,"column":40},"end":{"line":788,"column":68}},"line":788},"40":{"name":"(anonymous_40)","decl":{"start":{"line":789,"column":29},"end":{"line":789,"column":30}},"loc":{"start":{"line":790,"column":26},"end":{"line":794,"column":28}},"line":790},"41":{"name":"(anonymous_41)","decl":{"start":{"line":799,"column":89},"end":{"line":799,"column":90}},"loc":{"start":{"line":799,"column":94},"end":{"line":799,"column":117}},"line":799},"42":{"name":"(anonymous_42)","decl":{"start":{"line":811,"column":37},"end":{"line":811,"column":38}},"loc":{"start":{"line":811,"column":52},"end":{"line":813,"column":23}},"line":811},"43":{"name":"(anonymous_43)","decl":{"start":{"line":831,"column":47},"end":{"line":831,"column":48}},"loc":{"start":{"line":831,"column":53},"end":{"line":831,"column":85}},"line":831},"44":{"name":"(anonymous_44)","decl":{"start":{"line":835,"column":47},"end":{"line":835,"column":48}},"loc":{"start":{"line":835,"column":53},"end":{"line":835,"column":85}},"line":835},"45":{"name":"(anonymous_45)","decl":{"start":{"line":846,"column":67},"end":{"line":846,"column":68}},"loc":{"start":{"line":847,"column":20},"end":{"line":854,"column":22}},"line":847},"46":{"name":"(anonymous_46)","decl":{"start":{"line":851,"column":36},"end":{"line":851,"column":37}},"loc":{"start":{"line":851,"column":46},"end":{"line":851,"column":83}},"line":851},"47":{"name":"(anonymous_47)","decl":{"start":{"line":877,"column":32},"end":{"line":877,"column":33}},"loc":{"start":{"line":877,"column":47},"end":{"line":896,"column":17}},"line":877},"48":{"name":"(anonymous_48)","decl":{"start":{"line":878,"column":47},"end":{"line":878,"column":48}},"loc":{"start":{"line":878,"column":52},"end":{"line":878,"column":78}},"line":878}},"branchMap":{"0":{"loc":{"start":{"line":49,"column":25},"end":{"line":49,"column":119}},"type":"binary-expr","locations":[{"start":{"line":49,"column":25},"end":{"line":49,"column":83}},{"start":{"line":49,"column":87},"end":{"line":49,"column":119}}],"line":49},"1":{"loc":{"start":{"line":79,"column":4},"end":{"line":81,"column":5}},"type":"if","locations":[{"start":{"line":79,"column":4},"end":{"line":81,"column":5}},{"start":{},"end":{}}],"line":79},"2":{"loc":{"start":{"line":79,"column":8},"end":{"line":79,"column":28}},"type":"binary-expr","locations":[{"start":{"line":79,"column":8},"end":{"line":79,"column":15}},{"start":{"line":79,"column":19},"end":{"line":79,"column":28}}],"line":79},"3":{"loc":{"start":{"line":89,"column":6},"end":{"line":101,"column":7}},"type":"if","locations":[{"start":{"line":89,"column":6},"end":{"line":101,"column":7}},{"start":{"line":95,"column":13},"end":{"line":101,"column":7}}],"line":89},"4":{"loc":{"start":{"line":105,"column":6},"end":{"line":175,"column":7}},"type":"if","locations":[{"start":{"line":105,"column":6},"end":{"line":175,"column":7}},{"start":{"line":173,"column":13},"end":{"line":175,"column":7}}],"line":105},"5":{"loc":{"start":{"line":110,"column":8},"end":{"line":117,"column":9}},"type":"if","locations":[{"start":{"line":110,"column":8},"end":{"line":117,"column":9}},{"start":{},"end":{}}],"line":110},"6":{"loc":{"start":{"line":110,"column":12},"end":{"line":110,"column":109}},"type":"binary-expr","locations":[{"start":{"line":110,"column":12},"end":{"line":110,"column":70}},{"start":{"line":110,"column":74},"end":{"line":110,"column":109}}],"line":110},"7":{"loc":{"start":{"line":125,"column":19},"end":{"line":125,"column":87}},"type":"cond-expr","locations":[{"start":{"line":125,"column":32},"end":{"line":125,"column":82}},{"start":{"line":125,"column":85},"end":{"line":125,"column":87}}],"line":125},"8":{"loc":{"start":{"line":131,"column":36},"end":{"line":133,"column":14}},"type":"cond-expr","locations":[{"start":{"line":132,"column":12},"end":{"line":132,"column":127}},{"start":{"line":133,"column":12},"end":{"line":133,"column":14}}],"line":131},"9":{"loc":{"start":{"line":142,"column":26},"end":{"line":142,"column":57}},"type":"binary-expr","locations":[{"start":{"line":142,"column":26},"end":{"line":142,"column":51}},{"start":{"line":142,"column":55},"end":{"line":142,"column":57}}],"line":142},"10":{"loc":{"start":{"line":147,"column":19},"end":{"line":147,"column":41}},"type":"binary-expr","locations":[{"start":{"line":147,"column":19},"end":{"line":147,"column":35}},{"start":{"line":147,"column":39},"end":{"line":147,"column":41}}],"line":147},"11":{"loc":{"start":{"line":156,"column":10},"end":{"line":162,"column":11}},"type":"if","locations":[{"start":{"line":156,"column":10},"end":{"line":162,"column":11}},{"start":{"line":159,"column":17},"end":{"line":162,"column":11}}],"line":156},"12":{"loc":{"start":{"line":165,"column":10},"end":{"line":171,"column":11}},"type":"if","locations":[{"start":{"line":165,"column":10},"end":{"line":171,"column":11}},{"start":{"line":169,"column":17},"end":{"line":171,"column":11}}],"line":165},"13":{"loc":{"start":{"line":165,"column":14},"end":{"line":165,"column":109}},"type":"binary-expr","locations":[{"start":{"line":165,"column":14},"end":{"line":165,"column":45}},{"start":{"line":165,"column":50},"end":{"line":165,"column":69}},{"start":{"line":165,"column":73},"end":{"line":165,"column":108}}],"line":165},"14":{"loc":{"start":{"line":195,"column":4},"end":{"line":198,"column":5}},"type":"if","locations":[{"start":{"line":195,"column":4},"end":{"line":198,"column":5}},{"start":{},"end":{}}],"line":195},"15":{"loc":{"start":{"line":195,"column":8},"end":{"line":195,"column":71}},"type":"binary-expr","locations":[{"start":{"line":195,"column":8},"end":{"line":195,"column":23}},{"start":{"line":195,"column":27},"end":{"line":195,"column":43}},{"start":{"line":195,"column":47},"end":{"line":195,"column":71}}],"line":195},"16":{"loc":{"start":{"line":201,"column":4},"end":{"line":205,"column":5}},"type":"if","locations":[{"start":{"line":201,"column":4},"end":{"line":205,"column":5}},{"start":{},"end":{}}],"line":201},"17":{"loc":{"start":{"line":214,"column":15},"end":{"line":214,"column":110}},"type":"cond-expr","locations":[{"start":{"line":214,"column":54},"end":{"line":214,"column":105}},{"start":{"line":214,"column":108},"end":{"line":214,"column":110}}],"line":214},"18":{"loc":{"start":{"line":222,"column":6},"end":{"line":256,"column":7}},"type":"if","locations":[{"start":{"line":222,"column":6},"end":{"line":256,"column":7}},{"start":{"line":238,"column":13},"end":{"line":256,"column":7}}],"line":222},"19":{"loc":{"start":{"line":225,"column":8},"end":{"line":228,"column":9}},"type":"if","locations":[{"start":{"line":225,"column":8},"end":{"line":228,"column":9}},{"start":{},"end":{}}],"line":225},"20":{"loc":{"start":{"line":240,"column":51},"end":{"line":240,"column":114}},"type":"binary-expr","locations":[{"start":{"line":240,"column":51},"end":{"line":240,"column":81}},{"start":{"line":240,"column":85},"end":{"line":240,"column":114}}],"line":240},"21":{"loc":{"start":{"line":242,"column":8},"end":{"line":255,"column":9}},"type":"if","locations":[{"start":{"line":242,"column":8},"end":{"line":255,"column":9}},{"start":{"line":250,"column":15},"end":{"line":255,"column":9}}],"line":242},"22":{"loc":{"start":{"line":247,"column":25},"end":{"line":247,"column":69}},"type":"binary-expr","locations":[{"start":{"line":247,"column":25},"end":{"line":247,"column":64}},{"start":{"line":247,"column":68},"end":{"line":247,"column":69}}],"line":247},"23":{"loc":{"start":{"line":271,"column":26},"end":{"line":271,"column":102}},"type":"cond-expr","locations":[{"start":{"line":271,"column":48},"end":{"line":271,"column":67}},{"start":{"line":271,"column":70},"end":{"line":271,"column":102}}],"line":271},"24":{"loc":{"start":{"line":272,"column":73},"end":{"line":272,"column":100}},"type":"binary-expr","locations":[{"start":{"line":272,"column":73},"end":{"line":272,"column":94}},{"start":{"line":272,"column":98},"end":{"line":272,"column":100}}],"line":272},"25":{"loc":{"start":{"line":297,"column":6},"end":{"line":301,"column":7}},"type":"if","locations":[{"start":{"line":297,"column":6},"end":{"line":301,"column":7}},{"start":{},"end":{}}],"line":297},"26":{"loc":{"start":{"line":297,"column":10},"end":{"line":297,"column":119}},"type":"binary-expr","locations":[{"start":{"line":297,"column":10},"end":{"line":297,"column":36}},{"start":{"line":297,"column":40},"end":{"line":297,"column":65}},{"start":{"line":297,"column":69},"end":{"line":297,"column":93}},{"start":{"line":297,"column":97},"end":{"line":297,"column":119}}],"line":297},"27":{"loc":{"start":{"line":303,"column":6},"end":{"line":307,"column":7}},"type":"if","locations":[{"start":{"line":303,"column":6},"end":{"line":307,"column":7}},{"start":{},"end":{}}],"line":303},"28":{"loc":{"start":{"line":315,"column":8},"end":{"line":331,"column":9}},"type":"if","locations":[{"start":{"line":315,"column":8},"end":{"line":331,"column":9}},{"start":{"line":323,"column":15},"end":{"line":331,"column":9}}],"line":315},"29":{"loc":{"start":{"line":318,"column":10},"end":{"line":322,"column":11}},"type":"if","locations":[{"start":{"line":318,"column":10},"end":{"line":322,"column":11}},{"start":{"line":320,"column":17},"end":{"line":322,"column":11}}],"line":318},"30":{"loc":{"start":{"line":326,"column":10},"end":{"line":330,"column":11}},"type":"if","locations":[{"start":{"line":326,"column":10},"end":{"line":330,"column":11}},{"start":{"line":328,"column":17},"end":{"line":330,"column":11}}],"line":326},"31":{"loc":{"start":{"line":335,"column":29},"end":{"line":337,"column":128}},"type":"cond-expr","locations":[{"start":{"line":336,"column":12},"end":{"line":336,"column":90}},{"start":{"line":337,"column":12},"end":{"line":337,"column":128}}],"line":335},"32":{"loc":{"start":{"line":336,"column":54},"end":{"line":336,"column":88}},"type":"binary-expr","locations":[{"start":{"line":336,"column":54},"end":{"line":336,"column":73}},{"start":{"line":336,"column":77},"end":{"line":336,"column":88}}],"line":336},"33":{"loc":{"start":{"line":337,"column":50},"end":{"line":337,"column":84}},"type":"binary-expr","locations":[{"start":{"line":337,"column":50},"end":{"line":337,"column":69}},{"start":{"line":337,"column":73},"end":{"line":337,"column":84}}],"line":337},"34":{"loc":{"start":{"line":350,"column":31},"end":{"line":350,"column":83}},"type":"cond-expr","locations":[{"start":{"line":350,"column":43},"end":{"line":350,"column":75}},{"start":{"line":350,"column":78},"end":{"line":350,"column":83}}],"line":350},"35":{"loc":{"start":{"line":352,"column":8},"end":{"line":424,"column":9}},"type":"if","locations":[{"start":{"line":352,"column":8},"end":{"line":424,"column":9}},{"start":{"line":384,"column":15},"end":{"line":424,"column":9}}],"line":352},"36":{"loc":{"start":{"line":352,"column":12},"end":{"line":352,"column":114}},"type":"binary-expr","locations":[{"start":{"line":352,"column":12},"end":{"line":352,"column":26}},{"start":{"line":352,"column":30},"end":{"line":352,"column":72}},{"start":{"line":352,"column":76},"end":{"line":352,"column":114}}],"line":352},"37":{"loc":{"start":{"line":369,"column":14},"end":{"line":373,"column":15}},"type":"if","locations":[{"start":{"line":369,"column":14},"end":{"line":373,"column":15}},{"start":{"line":371,"column":21},"end":{"line":373,"column":15}}],"line":369},"38":{"loc":{"start":{"line":377,"column":35},"end":{"line":379,"column":145}},"type":"cond-expr","locations":[{"start":{"line":378,"column":18},"end":{"line":378,"column":95}},{"start":{"line":379,"column":18},"end":{"line":379,"column":145}}],"line":377},"39":{"loc":{"start":{"line":378,"column":67},"end":{"line":378,"column":93}},"type":"binary-expr","locations":[{"start":{"line":378,"column":67},"end":{"line":378,"column":82}},{"start":{"line":378,"column":86},"end":{"line":378,"column":93}}],"line":378},"40":{"loc":{"start":{"line":379,"column":75},"end":{"line":379,"column":101}},"type":"binary-expr","locations":[{"start":{"line":379,"column":75},"end":{"line":379,"column":90}},{"start":{"line":379,"column":94},"end":{"line":379,"column":101}}],"line":379},"41":{"loc":{"start":{"line":389,"column":21},"end":{"line":389,"column":127}},"type":"cond-expr","locations":[{"start":{"line":389,"column":64},"end":{"line":389,"column":99}},{"start":{"line":389,"column":102},"end":{"line":389,"column":127}}],"line":389},"42":{"loc":{"start":{"line":400,"column":12},"end":{"line":414,"column":13}},"type":"if","locations":[{"start":{"line":400,"column":12},"end":{"line":414,"column":13}},{"start":{"line":407,"column":19},"end":{"line":414,"column":13}}],"line":400},"43":{"loc":{"start":{"line":400,"column":16},"end":{"line":400,"column":54}},"type":"binary-expr","locations":[{"start":{"line":400,"column":16},"end":{"line":400,"column":28}},{"start":{"line":400,"column":32},"end":{"line":400,"column":54}}],"line":400},"44":{"loc":{"start":{"line":402,"column":14},"end":{"line":406,"column":15}},"type":"if","locations":[{"start":{"line":402,"column":14},"end":{"line":406,"column":15}},{"start":{"line":404,"column":21},"end":{"line":406,"column":15}}],"line":402},"45":{"loc":{"start":{"line":407,"column":19},"end":{"line":414,"column":13}},"type":"if","locations":[{"start":{"line":407,"column":19},"end":{"line":414,"column":13}},{"start":{},"end":{}}],"line":407},"46":{"loc":{"start":{"line":409,"column":14},"end":{"line":413,"column":15}},"type":"if","locations":[{"start":{"line":409,"column":14},"end":{"line":413,"column":15}},{"start":{"line":411,"column":21},"end":{"line":413,"column":15}}],"line":409},"47":{"loc":{"start":{"line":418,"column":33},"end":{"line":420,"column":132}},"type":"cond-expr","locations":[{"start":{"line":419,"column":16},"end":{"line":419,"column":82}},{"start":{"line":420,"column":16},"end":{"line":420,"column":132}}],"line":418},"48":{"loc":{"start":{"line":419,"column":54},"end":{"line":419,"column":80}},"type":"binary-expr","locations":[{"start":{"line":419,"column":54},"end":{"line":419,"column":69}},{"start":{"line":419,"column":73},"end":{"line":419,"column":80}}],"line":419},"49":{"loc":{"start":{"line":420,"column":62},"end":{"line":420,"column":88}},"type":"binary-expr","locations":[{"start":{"line":420,"column":62},"end":{"line":420,"column":77}},{"start":{"line":420,"column":81},"end":{"line":420,"column":88}}],"line":420},"50":{"loc":{"start":{"line":427,"column":6},"end":{"line":510,"column":7}},"type":"if","locations":[{"start":{"line":427,"column":6},"end":{"line":510,"column":7}},{"start":{"line":429,"column":13},"end":{"line":510,"column":7}}],"line":427},"51":{"loc":{"start":{"line":446,"column":10},"end":{"line":450,"column":11}},"type":"if","locations":[{"start":{"line":446,"column":10},"end":{"line":450,"column":11}},{"start":{"line":448,"column":17},"end":{"line":450,"column":11}}],"line":446},"52":{"loc":{"start":{"line":464,"column":10},"end":{"line":468,"column":11}},"type":"if","locations":[{"start":{"line":464,"column":10},"end":{"line":468,"column":11}},{"start":{"line":466,"column":17},"end":{"line":468,"column":11}}],"line":464},"53":{"loc":{"start":{"line":472,"column":31},"end":{"line":474,"column":155}},"type":"cond-expr","locations":[{"start":{"line":473,"column":14},"end":{"line":473,"column":105}},{"start":{"line":474,"column":14},"end":{"line":474,"column":155}}],"line":472},"54":{"loc":{"start":{"line":473,"column":55},"end":{"line":473,"column":103}},"type":"binary-expr","locations":[{"start":{"line":473,"column":55},"end":{"line":473,"column":81}},{"start":{"line":473,"column":85},"end":{"line":473,"column":103}}],"line":473},"55":{"loc":{"start":{"line":474,"column":63},"end":{"line":474,"column":111}},"type":"binary-expr","locations":[{"start":{"line":474,"column":63},"end":{"line":474,"column":89}},{"start":{"line":474,"column":93},"end":{"line":474,"column":111}}],"line":474},"56":{"loc":{"start":{"line":483,"column":8},"end":{"line":509,"column":9}},"type":"if","locations":[{"start":{"line":483,"column":8},"end":{"line":509,"column":9}},{"start":{"line":494,"column":15},"end":{"line":509,"column":9}}],"line":483},"57":{"loc":{"start":{"line":513,"column":58},"end":{"line":513,"column":80}},"type":"binary-expr","locations":[{"start":{"line":513,"column":58},"end":{"line":513,"column":71}},{"start":{"line":513,"column":75},"end":{"line":513,"column":80}}],"line":513},"58":{"loc":{"start":{"line":518,"column":2},"end":{"line":521,"column":3}},"type":"if","locations":[{"start":{"line":518,"column":2},"end":{"line":521,"column":3}},{"start":{},"end":{}}],"line":518},"59":{"loc":{"start":{"line":530,"column":54},"end":{"line":530,"column":88}},"type":"cond-expr","locations":[{"start":{"line":530,"column":69},"end":{"line":530,"column":78}},{"start":{"line":530,"column":81},"end":{"line":530,"column":88}}],"line":530},"60":{"loc":{"start":{"line":532,"column":11},"end":{"line":537,"column":11}},"type":"binary-expr","locations":[{"start":{"line":532,"column":11},"end":{"line":532,"column":23}},{"start":{"line":533,"column":12},"end":{"line":536,"column":19}}],"line":532},"61":{"loc":{"start":{"line":543,"column":19},"end":{"line":547,"column":19}},"type":"cond-expr","locations":[{"start":{"line":544,"column":20},"end":{"line":544,"column":54}},{"start":{"line":546,"column":20},"end":{"line":546,"column":57}}],"line":543},"62":{"loc":{"start":{"line":548,"column":60},"end":{"line":548,"column":95}},"type":"cond-expr","locations":[{"start":{"line":548,"column":74},"end":{"line":548,"column":83}},{"start":{"line":548,"column":86},"end":{"line":548,"column":95}}],"line":548},"63":{"loc":{"start":{"line":549,"column":21},"end":{"line":549,"column":55}},"type":"cond-expr","locations":[{"start":{"line":549,"column":35},"end":{"line":549,"column":43}},{"start":{"line":549,"column":46},"end":{"line":549,"column":55}}],"line":549},"64":{"loc":{"start":{"line":552,"column":17},"end":{"line":556,"column":17}},"type":"binary-expr","locations":[{"start":{"line":552,"column":17},"end":{"line":552,"column":26}},{"start":{"line":553,"column":18},"end":{"line":555,"column":25}}],"line":552},"65":{"loc":{"start":{"line":600,"column":13},"end":{"line":606,"column":13}},"type":"binary-expr","locations":[{"start":{"line":600,"column":13},"end":{"line":600,"column":27}},{"start":{"line":601,"column":14},"end":{"line":605,"column":21}}],"line":600},"66":{"loc":{"start":{"line":617,"column":27},"end":{"line":617,"column":66}},"type":"binary-expr","locations":[{"start":{"line":617,"column":27},"end":{"line":617,"column":60}},{"start":{"line":617,"column":64},"end":{"line":617,"column":66}}],"line":617},"67":{"loc":{"start":{"line":618,"column":86},"end":{"line":618,"column":113}},"type":"binary-expr","locations":[{"start":{"line":618,"column":86},"end":{"line":618,"column":100}},{"start":{"line":618,"column":104},"end":{"line":618,"column":113}}],"line":618},"68":{"loc":{"start":{"line":628,"column":27},"end":{"line":628,"column":64}},"type":"binary-expr","locations":[{"start":{"line":628,"column":27},"end":{"line":628,"column":58}},{"start":{"line":628,"column":62},"end":{"line":628,"column":64}}],"line":628},"69":{"loc":{"start":{"line":629,"column":84},"end":{"line":629,"column":111}},"type":"binary-expr","locations":[{"start":{"line":629,"column":84},"end":{"line":629,"column":98}},{"start":{"line":629,"column":102},"end":{"line":629,"column":111}}],"line":629},"70":{"loc":{"start":{"line":709,"column":30},"end":{"line":709,"column":62}},"type":"binary-expr","locations":[{"start":{"line":709,"column":30},"end":{"line":709,"column":43}},{"start":{"line":709,"column":47},"end":{"line":709,"column":62}}],"line":709},"71":{"loc":{"start":{"line":719,"column":30},"end":{"line":719,"column":62}},"type":"binary-expr","locations":[{"start":{"line":719,"column":30},"end":{"line":719,"column":43}},{"start":{"line":719,"column":47},"end":{"line":719,"column":62}}],"line":719},"72":{"loc":{"start":{"line":733,"column":29},"end":{"line":733,"column":61}},"type":"binary-expr","locations":[{"start":{"line":733,"column":29},"end":{"line":733,"column":42}},{"start":{"line":733,"column":46},"end":{"line":733,"column":61}}],"line":733},"73":{"loc":{"start":{"line":754,"column":29},"end":{"line":754,"column":61}},"type":"binary-expr","locations":[{"start":{"line":754,"column":29},"end":{"line":754,"column":42}},{"start":{"line":754,"column":46},"end":{"line":754,"column":61}}],"line":754},"74":{"loc":{"start":{"line":767,"column":15},"end":{"line":802,"column":15}},"type":"binary-expr","locations":[{"start":{"line":767,"column":15},"end":{"line":767,"column":28}},{"start":{"line":768,"column":16},"end":{"line":801,"column":23}}],"line":767},"75":{"loc":{"start":{"line":774,"column":42},"end":{"line":774,"column":83}},"type":"cond-expr","locations":[{"start":{"line":774,"column":61},"end":{"line":774,"column":63}},{"start":{"line":774,"column":66},"end":{"line":774,"column":83}}],"line":774},"76":{"loc":{"start":{"line":782,"column":31},"end":{"line":782,"column":63}},"type":"binary-expr","locations":[{"start":{"line":782,"column":31},"end":{"line":782,"column":44}},{"start":{"line":782,"column":48},"end":{"line":782,"column":63}}],"line":782},"77":{"loc":{"start":{"line":793,"column":50},"end":{"line":793,"column":90}},"type":"cond-expr","locations":[{"start":{"line":793,"column":65},"end":{"line":793,"column":85}},{"start":{"line":793,"column":88},"end":{"line":793,"column":90}}],"line":793},"78":{"loc":{"start":{"line":798,"column":19},"end":{"line":800,"column":19}},"type":"binary-expr","locations":[{"start":{"line":798,"column":19},"end":{"line":798,"column":33}},{"start":{"line":799,"column":20},"end":{"line":799,"column":132}}],"line":798},"79":{"loc":{"start":{"line":805,"column":15},"end":{"line":824,"column":15}},"type":"binary-expr","locations":[{"start":{"line":805,"column":15},"end":{"line":805,"column":29}},{"start":{"line":806,"column":16},"end":{"line":823,"column":23}}],"line":805},"80":{"loc":{"start":{"line":815,"column":31},"end":{"line":815,"column":63}},"type":"binary-expr","locations":[{"start":{"line":815,"column":31},"end":{"line":815,"column":44}},{"start":{"line":815,"column":48},"end":{"line":815,"column":63}}],"line":815},"81":{"loc":{"start":{"line":827,"column":15},"end":{"line":840,"column":15}},"type":"binary-expr","locations":[{"start":{"line":827,"column":15},"end":{"line":827,"column":29}},{"start":{"line":828,"column":16},"end":{"line":839,"column":23}}],"line":827},"82":{"loc":{"start":{"line":831,"column":127},"end":{"line":831,"column":157}},"type":"binary-expr","locations":[{"start":{"line":831,"column":127},"end":{"line":831,"column":139}},{"start":{"line":831,"column":143},"end":{"line":831,"column":157}}],"line":831},"83":{"loc":{"start":{"line":835,"column":127},"end":{"line":835,"column":157}},"type":"binary-expr","locations":[{"start":{"line":835,"column":127},"end":{"line":835,"column":139}},{"start":{"line":835,"column":143},"end":{"line":835,"column":157}}],"line":835},"84":{"loc":{"start":{"line":843,"column":15},"end":{"line":857,"column":15}},"type":"binary-expr","locations":[{"start":{"line":843,"column":15},"end":{"line":843,"column":29}},{"start":{"line":843,"column":33},"end":{"line":843,"column":46}},{"start":{"line":843,"column":50},"end":{"line":843,"column":86}},{"start":{"line":844,"column":16},"end":{"line":856,"column":23}}],"line":843},"85":{"loc":{"start":{"line":850,"column":29},"end":{"line":850,"column":64}},"type":"binary-expr","locations":[{"start":{"line":850,"column":29},"end":{"line":850,"column":58}},{"start":{"line":850,"column":62},"end":{"line":850,"column":64}}],"line":850},"86":{"loc":{"start":{"line":853,"column":32},"end":{"line":853,"column":64}},"type":"binary-expr","locations":[{"start":{"line":853,"column":32},"end":{"line":853,"column":45}},{"start":{"line":853,"column":49},"end":{"line":853,"column":64}}],"line":853},"87":{"loc":{"start":{"line":860,"column":15},"end":{"line":869,"column":15}},"type":"binary-expr","locations":[{"start":{"line":860,"column":15},"end":{"line":860,"column":29}},{"start":{"line":860,"column":33},"end":{"line":860,"column":48}},{"start":{"line":861,"column":16},"end":{"line":868,"column":35}}],"line":860},"88":{"loc":{"start":{"line":864,"column":28},"end":{"line":864,"column":58}},"type":"binary-expr","locations":[{"start":{"line":864,"column":28},"end":{"line":864,"column":40}},{"start":{"line":864,"column":44},"end":{"line":864,"column":58}}],"line":864},"89":{"loc":{"start":{"line":873,"column":13},"end":{"line":898,"column":13}},"type":"binary-expr","locations":[{"start":{"line":873,"column":13},"end":{"line":873,"column":34}},{"start":{"line":874,"column":14},"end":{"line":897,"column":21}}],"line":873},"90":{"loc":{"start":{"line":880,"column":18},"end":{"line":880,"column":41}},"type":"if","locations":[{"start":{"line":880,"column":18},"end":{"line":880,"column":41}},{"start":{},"end":{}}],"line":880},"91":{"loc":{"start":{"line":884,"column":61},"end":{"line":884,"column":76}},"type":"binary-expr","locations":[{"start":{"line":884,"column":61},"end":{"line":884,"column":70}},{"start":{"line":884,"column":74},"end":{"line":884,"column":76}}],"line":884},"92":{"loc":{"start":{"line":886,"column":33},"end":{"line":886,"column":55}},"type":"binary-expr","locations":[{"start":{"line":886,"column":33},"end":{"line":886,"column":49}},{"start":{"line":886,"column":53},"end":{"line":886,"column":55}}],"line":886},"93":{"loc":{"start":{"line":889,"column":37},"end":{"line":889,"column":76}},"type":"binary-expr","locations":[{"start":{"line":889,"column":37},"end":{"line":889,"column":69}},{"start":{"line":889,"column":73},"end":{"line":889,"column":76}}],"line":889},"94":{"loc":{"start":{"line":891,"column":23},"end":{"line":893,"column":23}},"type":"binary-expr","locations":[{"start":{"line":891,"column":23},"end":{"line":891,"column":40}},{"start":{"line":892,"column":24},"end":{"line":892,"column":166}}],"line":891},"95":{"loc":{"start":{"line":892,"column":75},"end":{"line":892,"column":158}},"type":"cond-expr","locations":[{"start":{"line":892,"column":110},"end":{"line":892,"column":138}},{"start":{"line":892,"column":141},"end":{"line":892,"column":158}}],"line":892},"96":{"loc":{"start":{"line":902,"column":11},"end":{"line":908,"column":11}},"type":"binary-expr","locations":[{"start":{"line":902,"column":11},"end":{"line":902,"column":30}},{"start":{"line":903,"column":12},"end":{"line":907,"column":19}}],"line":902},"97":{"loc":{"start":{"line":914,"column":24},"end":{"line":914,"column":54}},"type":"binary-expr","locations":[{"start":{"line":914,"column":24},"end":{"line":914,"column":36}},{"start":{"line":914,"column":40},"end":{"line":914,"column":54}}],"line":914},"98":{"loc":{"start":{"line":916,"column":15},"end":{"line":920,"column":15}},"type":"cond-expr","locations":[{"start":{"line":917,"column":16},"end":{"line":917,"column":66}},{"start":{"line":919,"column":16},"end":{"line":919,"column":50}}],"line":916},"99":{"loc":{"start":{"line":922,"column":17},"end":{"line":922,"column":66}},"type":"cond-expr","locations":[{"start":{"line":922,"column":32},"end":{"line":922,"column":45}},{"start":{"line":922,"column":48},"end":{"line":922,"column":66}}],"line":922}},"s":{"0":0,"1":0,"2":0,"3":0,"4":0,"5":0,"6":0,"7":0,"8":0,"9":0,"10":0,"11":0,"12":0,"13":0,"14":0,"15":0,"16":0,"17":0,"18":0,"19":0,"20":0,"21":0,"22":0,"23":0,"24":0,"25":0,"26":0,"27":0,"28":0,"29":0,"30":0,"31":0,"32":0,"33":0,"34":0,"35":0,"36":0,"37":0,"38":0,"39":0,"40":0,"41":0,"42":0,"43":0,"44":0,"45":0,"46":0,"47":0,"48":0,"49":0,"50":0,"51":0,"52":0,"53":0,"54":0,"55":0,"56":0,"57":0,"58":0,"59":0,"60":0,"61":0,"62":0,"63":0,"64":0,"65":0,"66":0,"67":0,"68":0,"69":0,"70":0,"71":0,"72":0,"73":0,"74":0,"75":0,"76":0,"77":0,"78":0,"79":0,"80":0,"81":0,"82":0,"83":0,"84":0,"85":0,"86":0,"87":0,"88":0,"89":0,"90":0,"91":0,"92":0,"93":0,"94":0,"95":0,"96":0,"97":0,"98":0,"99":0,"100":0,"101":0,"102":0,"103":0,"104":0,"105":0,"106":0,"107":0,"108":0,"109":0,"110":0,"111":0,"112":0,"113":0,"114":0,"115":0,"116":0,"117":0,"118":0,"119":0,"120":0,"121":0,"122":0,"123":0,"124":0,"125":0,"126":0,"127":0,"128":0,"129":0,"130":0,"131":0,"132":0,"133":0,"134":0,"135":0,"136":0,"137":0,"138":0,"139":0,"140":0,"141":0,"142":0,"143":0,"144":0,"145":0,"146":0,"147":0,"148":0,"149":0,"150":0,"151":0,"152":0,"153":0,"154":0,"155":0,"156":0,"157":0,"158":0,"159":0,"160":0,"161":0,"162":0,"163":0,"164":0,"165":0,"166":0,"167":0,"168":0,"169":0,"170":0,"171":0,"172":0,"173":0,"174":0,"175":0,"176":0,"177":0,"178":0,"179":0,"180":0,"181":0,"182":0,"183":0,"184":0,"185":0,"186":0,"187":0,"188":0,"189":0,"190":0,"191":0,"192":0,"193":0,"194":0,"195":0,"196":0,"197":0,"198":0,"199":0,"200":0,"201":0,"202":0,"203":0,"204":0,"205":0,"206":0,"207":0,"208":0,"209":0,"210":0,"211":0,"212":0,"213":0,"214":0,"215":0,"216":0,"217":0,"218":0,"219":0,"220":0,"221":0,"222":0,"223":0,"224":0,"225":0,"226":0,"227":0,"228":0,"229":0,"230":0,"231":0,"232":0,"233":0,"234":0,"235":0,"236":0,"237":0,"238":0,"239":0},"f":{"0":0,"1":0,"2":0,"3":0,"4":0,"5":0,"6":0,"7":0,"8":0,"9":0,"10":0,"11":0,"12":0,"13":0,"14":0,"15":0,"16":0,"17":0,"18":0,"19":0,"20":0,"21":0,"22":0,"23":0,"24":0,"25":0,"26":0,"27":0,"28":0,"29":0,"30":0,"31":0,"32":0,"33":0,"34":0,"35":0,"36":0,"37":0,"38":0,"39":0,"40":0,"41":0,"42":0,"43":0,"44":0,"45":0,"46":0,"47":0,"48":0},"b":{"0":[0,0],"1":[0,0],"2":[0,0],"3":[0,0],"4":[0,0],"5":[0,0],"6":[0,0],"7":[0,0],"8":[0,0],"9":[0,0],"10":[0,0],"11":[0,0],"12":[0,0],"13":[0,0,0],"14":[0,0],"15":[0,0,0],"16":[0,0],"17":[0,0],"18":[0,0],"19":[0,0],"20":[0,0],"21":[0,0],"22":[0,0],"23":[0,0],"24":[0,0],"25":[0,0],"26":[0,0,0,0],"27":[0,0],"28":[0,0],"29":[0,0],"30":[0,0],"31":[0,0],"32":[0,0],"33":[0,0],"34":[0,0],"35":[0,0],"36":[0,0,0],"37":[0,0],"38":[0,0],"39":[0,0],"40":[0,0],"41":[0,0],"42":[0,0],"43":[0,0],"44":[0,0],"45":[0,0],"46":[0,0],"47":[0,0],"48":[0,0],"49":[0,0],"50":[0,0],"51":[0,0],"52":[0,0],"53":[0,0],"54":[0,0],"55":[0,0],"56":[0,0],"57":[0,0],"58":[0,0],"59":[0,0],"60":[0,0],"61":[0,0],"62":[0,0],"63":[0,0],"64":[0,0],"65":[0,0],"66":[0,0],"67":[0,0],"68":[0,0],"69":[0,0],"70":[0,0],"71":[0,0],"72":[0,0],"73":[0,0],"74":[0,0],"75":[0,0],"76":[0,0],"77":[0,0],"78":[0,0],"79":[0,0],"80":[0,0],"81":[0,0],"82":[0,0],"83":[0,0],"84":[0,0,0,0],"85":[0,0],"86":[0,0],"87":[0,0,0],"88":[0,0],"89":[0,0],"90":[0,0],"91":[0,0],"92":[0,0],"93":[0,0],"94":[0,0],"95":[0,0],"96":[0,0],"97":[0,0],"98":[0,0],"99":[0,0]}}
,"C:\\Users\\pseno\\OneDrive\\Área de Trabalho\\ObrasKauany\\AppOperacao\\components\\ConfirmShiftStartModal.tsx": {"path":"C:\\Users\\pseno\\OneDrive\\Área de Trabalho\\ObrasKauany\\AppOperacao\\components\\ConfirmShiftStartModal.tsx","statementMap":{"0":{"start":{"line":26,"column":42},"end":{"line":26,"column":56}},"1":{"start":{"line":27,"column":46},"end":{"line":27,"column":60}},"2":{"start":{"line":28,"column":48},"end":{"line":28,"column":63}},"3":{"start":{"line":29,"column":50},"end":{"line":29,"column":65}},"4":{"start":{"line":32,"column":16},"end":{"line":32,"column":83}},"5":{"start":{"line":32,"column":53},"end":{"line":32,"column":82}},"6":{"start":{"line":33,"column":18},"end":{"line":33,"column":85}},"7":{"start":{"line":33,"column":55},"end":{"line":33,"column":84}},"8":{"start":{"line":35,"column":2},"end":{"line":39,"column":64}},"9":{"start":{"line":36,"column":4},"end":{"line":38,"column":5}},"10":{"start":{"line":37,"column":6},"end":{"line":37,"column":32}},"11":{"start":{"line":41,"column":34},"end":{"line":56,"column":3}},"12":{"start":{"line":42,"column":4},"end":{"line":42,"column":30}},"13":{"start":{"line":43,"column":4},"end":{"line":55,"column":5}},"14":{"start":{"line":44,"column":21},"end":{"line":48,"column":8}},"15":{"start":{"line":49,"column":6},"end":{"line":49,"column":33}},"16":{"start":{"line":51,"column":6},"end":{"line":51,"column":68}},"17":{"start":{"line":52,"column":6},"end":{"line":52,"column":32}},"18":{"start":{"line":54,"column":6},"end":{"line":54,"column":33}},"19":{"start":{"line":58,"column":24},"end":{"line":69,"column":3}},"20":{"start":{"line":59,"column":4},"end":{"line":62,"column":5}},"21":{"start":{"line":60,"column":6},"end":{"line":60,"column":77}},"22":{"start":{"line":61,"column":6},"end":{"line":61,"column":13}},"23":{"start":{"line":64,"column":21},"end":{"line":64,"column":56}},"24":{"start":{"line":65,"column":4},"end":{"line":65,"column":24}},"25":{"start":{"line":67,"column":4},"end":{"line":67,"column":26}},"26":{"start":{"line":68,"column":4},"end":{"line":68,"column":28}},"27":{"start":{"line":71,"column":2},"end":{"line":163,"column":4}},"28":{"start":{"line":102,"column":48},"end":{"line":102,"column":74}},"29":{"start":{"line":108,"column":20},"end":{"line":108,"column":72}},"30":{"start":{"line":121,"column":48},"end":{"line":121,"column":76}},"31":{"start":{"line":127,"column":20},"end":{"line":127,"column":78}},"32":{"start":{"line":166,"column":15},"end":{"line":313,"column":2}}},"fnMap":{"0":{"name":"ConfirmShiftStartModal","decl":{"start":{"line":18,"column":24},"end":{"line":18,"column":46}},"loc":{"start":{"line":25,"column":32},"end":{"line":164,"column":1}},"line":25},"1":{"name":"(anonymous_1)","decl":{"start":{"line":32,"column":43},"end":{"line":32,"column":44}},"loc":{"start":{"line":32,"column":53},"end":{"line":32,"column":82}},"line":32},"2":{"name":"(anonymous_2)","decl":{"start":{"line":33,"column":45},"end":{"line":33,"column":46}},"loc":{"start":{"line":33,"column":55},"end":{"line":33,"column":84}},"line":33},"3":{"name":"(anonymous_3)","decl":{"start":{"line":35,"column":12},"end":{"line":35,"column":13}},"loc":{"start":{"line":35,"column":18},"end":{"line":39,"column":3}},"line":35},"4":{"name":"(anonymous_4)","decl":{"start":{"line":41,"column":34},"end":{"line":41,"column":35}},"loc":{"start":{"line":41,"column":46},"end":{"line":56,"column":3}},"line":41},"5":{"name":"(anonymous_5)","decl":{"start":{"line":58,"column":24},"end":{"line":58,"column":25}},"loc":{"start":{"line":58,"column":30},"end":{"line":69,"column":3}},"line":58},"6":{"name":"(anonymous_6)","decl":{"start":{"line":102,"column":33},"end":{"line":102,"column":34}},"loc":{"start":{"line":102,"column":48},"end":{"line":102,"column":74}},"line":102},"7":{"name":"(anonymous_7)","decl":{"start":{"line":107,"column":29},"end":{"line":107,"column":30}},"loc":{"start":{"line":108,"column":20},"end":{"line":108,"column":72}},"line":108},"8":{"name":"(anonymous_8)","decl":{"start":{"line":121,"column":33},"end":{"line":121,"column":34}},"loc":{"start":{"line":121,"column":48},"end":{"line":121,"column":76}},"line":121},"9":{"name":"(anonymous_9)","decl":{"start":{"line":126,"column":31},"end":{"line":126,"column":32}},"loc":{"start":{"line":127,"column":20},"end":{"line":127,"column":78}},"line":127}},"branchMap":{"0":{"loc":{"start":{"line":36,"column":4},"end":{"line":38,"column":5}},"type":"if","locations":[{"start":{"line":36,"column":4},"end":{"line":38,"column":5}},{"start":{},"end":{}}],"line":36},"1":{"loc":{"start":{"line":59,"column":4},"end":{"line":62,"column":5}},"type":"if","locations":[{"start":{"line":59,"column":4},"end":{"line":62,"column":5}},{"start":{},"end":{}}],"line":59},"2":{"loc":{"start":{"line":86,"column":11},"end":{"line":92,"column":11}},"type":"binary-expr","locations":[{"start":{"line":86,"column":11},"end":{"line":86,"column":26}},{"start":{"line":87,"column":12},"end":{"line":91,"column":19}}],"line":86},"3":{"loc":{"start":{"line":99,"column":52},"end":{"line":99,"column":92}},"type":"binary-expr","locations":[{"start":{"line":99,"column":52},"end":{"line":99,"column":67}},{"start":{"line":99,"column":71},"end":{"line":99,"column":92}}],"line":99},"4":{"loc":{"start":{"line":118,"column":52},"end":{"line":118,"column":92}},"type":"binary-expr","locations":[{"start":{"line":118,"column":52},"end":{"line":118,"column":67}},{"start":{"line":118,"column":71},"end":{"line":118,"column":92}}],"line":118},"5":{"loc":{"start":{"line":141,"column":11},"end":{"line":159,"column":11}},"type":"cond-expr","locations":[{"start":{"line":142,"column":12},"end":{"line":144,"column":19}},{"start":{"line":146,"column":12},"end":{"line":158,"column":31}}],"line":141},"6":{"loc":{"start":{"line":149,"column":16},"end":{"line":149,"column":56}},"type":"binary-expr","locations":[{"start":{"line":149,"column":16},"end":{"line":149,"column":31}},{"start":{"line":149,"column":35},"end":{"line":149,"column":56}}],"line":149},"7":{"loc":{"start":{"line":156,"column":17},"end":{"line":156,"column":68}},"type":"cond-expr","locations":[{"start":{"line":156,"column":35},"end":{"line":156,"column":54}},{"start":{"line":156,"column":57},"end":{"line":156,"column":68}}],"line":156}},"s":{"0":0,"1":0,"2":0,"3":0,"4":0,"5":0,"6":0,"7":0,"8":0,"9":0,"10":0,"11":0,"12":0,"13":0,"14":0,"15":0,"16":0,"17":0,"18":0,"19":0,"20":0,"21":0,"22":0,"23":0,"24":0,"25":0,"26":0,"27":0,"28":0,"29":0,"30":0,"31":0,"32":0},"f":{"0":0,"1":0,"2":0,"3":0,"4":0,"5":0,"6":0,"7":0,"8":0,"9":0},"b":{"0":[0,0],"1":[0,0],"2":[0,0],"3":[0,0],"4":[0,0],"5":[0,0],"6":[0,0],"7":[0,0]}}
,"C:\\Users\\pseno\\OneDrive\\Área de Trabalho\\ObrasKauany\\AppOperacao\\components\\EditTeamModal.tsx": {"path":"C:\\Users\\pseno\\OneDrive\\Área de Trabalho\\ObrasKauany\\AppOperacao\\components\\EditTeamModal.tsx","statementMap":{"0":{"start":{"line":35,"column":40},"end":{"line":35,"column":72}},"1":{"start":{"line":36,"column":50},"end":{"line":36,"column":77}},"2":{"start":{"line":38,"column":2},"end":{"line":42,"column":44}},"3":{"start":{"line":39,"column":4},"end":{"line":41,"column":5}},"4":{"start":{"line":40,"column":6},"end":{"line":40,"column":27}},"5":{"start":{"line":44,"column":29},"end":{"line":64,"column":3}},"6":{"start":{"line":46,"column":34},"end":{"line":51,"column":6}},"7":{"start":{"line":47,"column":21},"end":{"line":47,"column":50}},"8":{"start":{"line":48,"column":6},"end":{"line":50,"column":45}},"9":{"start":{"line":53,"column":4},"end":{"line":63,"column":5}},"10":{"start":{"line":54,"column":6},"end":{"line":54,"column":50}},"11":{"start":{"line":56,"column":22},"end":{"line":56,"column":77}},"12":{"start":{"line":56,"column":54},"end":{"line":56,"column":76}},"13":{"start":{"line":57,"column":24},"end":{"line":57,"column":89}},"14":{"start":{"line":57,"column":58},"end":{"line":57,"column":88}},"15":{"start":{"line":58,"column":6},"end":{"line":58,"column":37}},"16":{"start":{"line":61,"column":6},"end":{"line":61,"column":78}},"17":{"start":{"line":62,"column":6},"end":{"line":62,"column":106}},"18":{"start":{"line":62,"column":60},"end":{"line":62,"column":103}},"19":{"start":{"line":66,"column":20},"end":{"line":74,"column":3}},"20":{"start":{"line":67,"column":4},"end":{"line":70,"column":5}},"21":{"start":{"line":68,"column":6},"end":{"line":68,"column":78}},"22":{"start":{"line":69,"column":6},"end":{"line":69,"column":13}},"23":{"start":{"line":72,"column":4},"end":{"line":72,"column":86}},"24":{"start":{"line":73,"column":4},"end":{"line":73,"column":93}},"25":{"start":{"line":73,"column":53},"end":{"line":73,"column":90}},"26":{"start":{"line":76,"column":23},"end":{"line":97,"column":3}},"27":{"start":{"line":78,"column":4},"end":{"line":81,"column":5}},"28":{"start":{"line":79,"column":6},"end":{"line":79,"column":75}},"29":{"start":{"line":80,"column":6},"end":{"line":80,"column":13}},"30":{"start":{"line":83,"column":4},"end":{"line":83,"column":93}},"31":{"start":{"line":83,"column":43},"end":{"line":83,"column":90}},"32":{"start":{"line":85,"column":24},"end":{"line":85,"column":85}},"33":{"start":{"line":85,"column":48},"end":{"line":85,"column":84}},"34":{"start":{"line":86,"column":4},"end":{"line":96,"column":5}},"35":{"start":{"line":88,"column":21},"end":{"line":88,"column":60}},"36":{"start":{"line":89,"column":27},"end":{"line":91,"column":56}},"37":{"start":{"line":93,"column":6},"end":{"line":95,"column":7}},"38":{"start":{"line":94,"column":8},"end":{"line":94,"column":64}},"39":{"start":{"line":106,"column":19},"end":{"line":138,"column":3}},"40":{"start":{"line":108,"column":4},"end":{"line":111,"column":5}},"41":{"start":{"line":109,"column":6},"end":{"line":109,"column":89}},"42":{"start":{"line":110,"column":6},"end":{"line":110,"column":13}},"43":{"start":{"line":113,"column":4},"end":{"line":137,"column":5}},"44":{"start":{"line":114,"column":23},"end":{"line":119,"column":7}},"45":{"start":{"line":122,"column":6},"end":{"line":126,"column":7}},"46":{"start":{"line":123,"column":8},"end":{"line":123,"column":71}},"47":{"start":{"line":125,"column":8},"end":{"line":125,"column":55}},"48":{"start":{"line":128,"column":6},"end":{"line":133,"column":7}},"49":{"start":{"line":129,"column":8},"end":{"line":129,"column":34}},"50":{"start":{"line":130,"column":8},"end":{"line":130,"column":84}},"51":{"start":{"line":132,"column":8},"end":{"line":132,"column":94}},"52":{"start":{"line":135,"column":6},"end":{"line":135,"column":53}},"53":{"start":{"line":136,"column":6},"end":{"line":136,"column":52}},"54":{"start":{"line":140,"column":29},"end":{"line":146,"column":3}},"55":{"start":{"line":141,"column":24},"end":{"line":141,"column":74}},"56":{"start":{"line":141,"column":48},"end":{"line":141,"column":73}},"57":{"start":{"line":142,"column":4},"end":{"line":144,"column":5}},"58":{"start":{"line":143,"column":6},"end":{"line":143,"column":103}},"59":{"start":{"line":145,"column":4},"end":{"line":145,"column":61}},"60":{"start":{"line":148,"column":2},"end":{"line":220,"column":4}},"61":{"start":{"line":170,"column":14},"end":{"line":186,"column":21}},"62":{"start":{"line":181,"column":35},"end":{"line":181,"column":76}},"63":{"start":{"line":195,"column":14},"end":{"line":207,"column":21}},"64":{"start":{"line":203,"column":33},"end":{"line":203,"column":55}},"65":{"start":{"line":223,"column":15},"end":{"line":319,"column":2}}},"fnMap":{"0":{"name":"EditTeamModal","decl":{"start":{"line":26,"column":24},"end":{"line":26,"column":37}},"loc":{"start":{"line":34,"column":23},"end":{"line":221,"column":1}},"line":34},"1":{"name":"(anonymous_1)","decl":{"start":{"line":38,"column":12},"end":{"line":38,"column":13}},"loc":{"start":{"line":38,"column":18},"end":{"line":42,"column":3}},"line":38},"2":{"name":"(anonymous_2)","decl":{"start":{"line":44,"column":29},"end":{"line":44,"column":30}},"loc":{"start":{"line":44,"column":35},"end":{"line":64,"column":3}},"line":44},"3":{"name":"(anonymous_3)","decl":{"start":{"line":46,"column":55},"end":{"line":46,"column":56}},"loc":{"start":{"line":46,"column":60},"end":{"line":51,"column":5}},"line":46},"4":{"name":"(anonymous_4)","decl":{"start":{"line":56,"column":49},"end":{"line":56,"column":50}},"loc":{"start":{"line":56,"column":54},"end":{"line":56,"column":76}},"line":56},"5":{"name":"(anonymous_5)","decl":{"start":{"line":57,"column":53},"end":{"line":57,"column":54}},"loc":{"start":{"line":57,"column":58},"end":{"line":57,"column":88}},"line":57},"6":{"name":"(anonymous_6)","decl":{"start":{"line":62,"column":55},"end":{"line":62,"column":56}},"loc":{"start":{"line":62,"column":60},"end":{"line":62,"column":103}},"line":62},"7":{"name":"(anonymous_7)","decl":{"start":{"line":66,"column":20},"end":{"line":66,"column":21}},"loc":{"start":{"line":66,"column":50},"end":{"line":74,"column":3}},"line":66},"8":{"name":"(anonymous_8)","decl":{"start":{"line":73,"column":48},"end":{"line":73,"column":49}},"loc":{"start":{"line":73,"column":53},"end":{"line":73,"column":90}},"line":73},"9":{"name":"(anonymous_9)","decl":{"start":{"line":76,"column":23},"end":{"line":76,"column":24}},"loc":{"start":{"line":76,"column":57},"end":{"line":97,"column":3}},"line":76},"10":{"name":"(anonymous_10)","decl":{"start":{"line":83,"column":38},"end":{"line":83,"column":39}},"loc":{"start":{"line":83,"column":43},"end":{"line":83,"column":90}},"line":83},"11":{"name":"(anonymous_11)","decl":{"start":{"line":85,"column":43},"end":{"line":85,"column":44}},"loc":{"start":{"line":85,"column":48},"end":{"line":85,"column":84}},"line":85},"12":{"name":"(anonymous_12)","decl":{"start":{"line":106,"column":19},"end":{"line":106,"column":20}},"loc":{"start":{"line":106,"column":31},"end":{"line":138,"column":3}},"line":106},"13":{"name":"(anonymous_13)","decl":{"start":{"line":140,"column":29},"end":{"line":140,"column":30}},"loc":{"start":{"line":140,"column":52},"end":{"line":146,"column":3}},"line":140},"14":{"name":"(anonymous_14)","decl":{"start":{"line":141,"column":43},"end":{"line":141,"column":44}},"loc":{"start":{"line":141,"column":48},"end":{"line":141,"column":73}},"line":141},"15":{"name":"(anonymous_15)","decl":{"start":{"line":169,"column":29},"end":{"line":169,"column":30}},"loc":{"start":{"line":170,"column":14},"end":{"line":186,"column":21}},"line":170},"16":{"name":"(anonymous_16)","decl":{"start":{"line":181,"column":29},"end":{"line":181,"column":30}},"loc":{"start":{"line":181,"column":35},"end":{"line":181,"column":76}},"line":181},"17":{"name":"(anonymous_17)","decl":{"start":{"line":194,"column":34},"end":{"line":194,"column":35}},"loc":{"start":{"line":195,"column":14},"end":{"line":207,"column":21}},"line":195},"18":{"name":"(anonymous_18)","decl":{"start":{"line":203,"column":27},"end":{"line":203,"column":28}},"loc":{"start":{"line":203,"column":33},"end":{"line":203,"column":55}},"line":203}},"branchMap":{"0":{"loc":{"start":{"line":39,"column":4},"end":{"line":41,"column":5}},"type":"if","locations":[{"start":{"line":39,"column":4},"end":{"line":41,"column":5}},{"start":{},"end":{}}],"line":39},"1":{"loc":{"start":{"line":47,"column":21},"end":{"line":47,"column":50}},"type":"binary-expr","locations":[{"start":{"line":47,"column":21},"end":{"line":47,"column":44}},{"start":{"line":47,"column":48},"end":{"line":47,"column":50}}],"line":47},"2":{"loc":{"start":{"line":48,"column":13},"end":{"line":50,"column":44}},"type":"binary-expr","locations":[{"start":{"line":48,"column":13},"end":{"line":48,"column":44}},{"start":{"line":49,"column":13},"end":{"line":49,"column":43}},{"start":{"line":50,"column":13},"end":{"line":50,"column":44}}],"line":48},"3":{"loc":{"start":{"line":53,"column":4},"end":{"line":63,"column":5}},"type":"if","locations":[{"start":{"line":53,"column":4},"end":{"line":63,"column":5}},{"start":{"line":59,"column":11},"end":{"line":63,"column":5}}],"line":53},"4":{"loc":{"start":{"line":67,"column":4},"end":{"line":70,"column":5}},"type":"if","locations":[{"start":{"line":67,"column":4},"end":{"line":70,"column":5}},{"start":{},"end":{}}],"line":67},"5":{"loc":{"start":{"line":78,"column":4},"end":{"line":81,"column":5}},"type":"if","locations":[{"start":{"line":78,"column":4},"end":{"line":81,"column":5}},{"start":{},"end":{}}],"line":78},"6":{"loc":{"start":{"line":86,"column":4},"end":{"line":96,"column":5}},"type":"if","locations":[{"start":{"line":86,"column":4},"end":{"line":96,"column":5}},{"start":{},"end":{}}],"line":86},"7":{"loc":{"start":{"line":88,"column":21},"end":{"line":88,"column":60}},"type":"binary-expr","locations":[{"start":{"line":88,"column":21},"end":{"line":88,"column":54}},{"start":{"line":88,"column":58},"end":{"line":88,"column":60}}],"line":88},"8":{"loc":{"start":{"line":89,"column":27},"end":{"line":91,"column":56}},"type":"binary-expr","locations":[{"start":{"line":89,"column":27},"end":{"line":89,"column":57}},{"start":{"line":90,"column":26},"end":{"line":90,"column":55}},{"start":{"line":91,"column":26},"end":{"line":91,"column":56}}],"line":89},"9":{"loc":{"start":{"line":93,"column":6},"end":{"line":95,"column":7}},"type":"if","locations":[{"start":{"line":93,"column":6},"end":{"line":95,"column":7}},{"start":{},"end":{}}],"line":93},"10":{"loc":{"start":{"line":108,"column":4},"end":{"line":111,"column":5}},"type":"if","locations":[{"start":{"line":108,"column":4},"end":{"line":111,"column":5}},{"start":{},"end":{}}],"line":108},"11":{"loc":{"start":{"line":108,"column":8},"end":{"line":108,"column":58}},"type":"binary-expr","locations":[{"start":{"line":108,"column":8},"end":{"line":108,"column":26}},{"start":{"line":108,"column":30},"end":{"line":108,"column":58}}],"line":108},"12":{"loc":{"start":{"line":122,"column":6},"end":{"line":126,"column":7}},"type":"if","locations":[{"start":{"line":122,"column":6},"end":{"line":126,"column":7}},{"start":{"line":124,"column":13},"end":{"line":126,"column":7}}],"line":122},"13":{"loc":{"start":{"line":128,"column":6},"end":{"line":133,"column":7}},"type":"if","locations":[{"start":{"line":128,"column":6},"end":{"line":133,"column":7}},{"start":{"line":131,"column":13},"end":{"line":133,"column":7}}],"line":128},"14":{"loc":{"start":{"line":142,"column":4},"end":{"line":144,"column":5}},"type":"if","locations":[{"start":{"line":142,"column":4},"end":{"line":144,"column":5}},{"start":{},"end":{}}],"line":142},"15":{"loc":{"start":{"line":145,"column":11},"end":{"line":145,"column":60}},"type":"binary-expr","locations":[{"start":{"line":145,"column":11},"end":{"line":145,"column":28}},{"start":{"line":145,"column":32},"end":{"line":145,"column":60}}],"line":145},"16":{"loc":{"start":{"line":178,"column":17},"end":{"line":185,"column":17}},"type":"binary-expr","locations":[{"start":{"line":178,"column":17},"end":{"line":178,"column":76}},{"start":{"line":179,"column":18},"end":{"line":184,"column":37}}],"line":178}},"s":{"0":0,"1":0,"2":0,"3":0,"4":0,"5":0,"6":0,"7":0,"8":0,"9":0,"10":0,"11":0,"12":0,"13":0,"14":0,"15":0,"16":0,"17":0,"18":0,"19":0,"20":0,"21":0,"22":0,"23":0,"24":0,"25":0,"26":0,"27":0,"28":0,"29":0,"30":0,"31":0,"32":0,"33":0,"34":0,"35":0,"36":0,"37":0,"38":0,"39":0,"40":0,"41":0,"42":0,"43":0,"44":0,"45":0,"46":0,"47":0,"48":0,"49":0,"50":0,"51":0,"52":0,"53":0,"54":0,"55":0,"56":0,"57":0,"58":0,"59":0,"60":0,"61":0,"62":0,"63":0,"64":0,"65":0},"f":{"0":0,"1":0,"2":0,"3":0,"4":0,"5":0,"6":0,"7":0,"8":0,"9":0,"10":0,"11":0,"12":0,"13":0,"14":0,"15":0,"16":0,"17":0,"18":0},"b":{"0":[0,0],"1":[0,0],"2":[0,0,0],"3":[0,0],"4":[0,0],"5":[0,0],"6":[0,0],"7":[0,0],"8":[0,0,0],"9":[0,0],"10":[0,0],"11":[0,0],"12":[0,0],"13":[0,0],"14":[0,0],"15":[0,0],"16":[0,0]}}
,"C:\\Users\\pseno\\OneDrive\\Área de Trabalho\\ObrasKauany\\AppOperacao\\components\\NetworkStatusBar.tsx": {"path":"C:\\Users\\pseno\\OneDrive\\Área de Trabalho\\ObrasKauany\\AppOperacao\\components\\NetworkStatusBar.tsx","statementMap":{"0":{"start":{"line":5,"column":35},"end":{"line":25,"column":4}},"1":{"start":{"line":6,"column":40},"end":{"line":6,"column":58}},"2":{"start":{"line":8,"column":5},"end":{"line":14,"column":6}},"3":{"start":{"line":9,"column":7},"end":{"line":13,"column":9}},"4":{"start":{"line":16,"column":5},"end":{"line":22,"column":6}},"5":{"start":{"line":17,"column":7},"end":{"line":21,"column":9}},"6":{"start":{"line":24,"column":5},"end":{"line":24,"column":17}},"7":{"start":{"line":27,"column":18},"end":{"line":44,"column":5}}},"fnMap":{"0":{"name":"(anonymous_0)","decl":{"start":{"line":5,"column":35},"end":{"line":5,"column":36}},"loc":{"start":{"line":5,"column":41},"end":{"line":25,"column":4}},"line":5}},"branchMap":{"0":{"loc":{"start":{"line":8,"column":5},"end":{"line":14,"column":6}},"type":"if","locations":[{"start":{"line":8,"column":5},"end":{"line":14,"column":6}},{"start":{},"end":{}}],"line":8},"1":{"loc":{"start":{"line":16,"column":5},"end":{"line":22,"column":6}},"type":"if","locations":[{"start":{"line":16,"column":5},"end":{"line":22,"column":6}},{"start":{},"end":{}}],"line":16}},"s":{"0":0,"1":0,"2":0,"3":0,"4":0,"5":0,"6":0,"7":0},"f":{"0":0},"b":{"0":[0,0],"1":[0,0]}}
,"C:\\Users\\pseno\\OneDrive\\Área de Trabalho\\ObrasKauany\\AppOperacao\\services\\api.ts": {"path":"C:\\Users\\pseno\\OneDrive\\Área de Trabalho\\ObrasKauany\\AppOperacao\\services\\api.ts","statementMap":{"0":{"start":{"line":7,"column":19},"end":{"line":636,"column":1}},"1":{"start":{"line":10,"column":28},"end":{"line":13,"column":20}},"2":{"start":{"line":15,"column":4},"end":{"line":15,"column":27}},"3":{"start":{"line":15,"column":15},"end":{"line":15,"column":27}},"4":{"start":{"line":16,"column":4},"end":{"line":16,"column":33}},"5":{"start":{"line":25,"column":28},"end":{"line":29,"column":41}},"6":{"start":{"line":31,"column":4},"end":{"line":31,"column":27}},"7":{"start":{"line":31,"column":15},"end":{"line":31,"column":27}},"8":{"start":{"line":32,"column":4},"end":{"line":32,"column":31}},"9":{"start":{"line":37,"column":28},"end":{"line":41,"column":41}},"10":{"start":{"line":43,"column":4},"end":{"line":43,"column":27}},"11":{"start":{"line":43,"column":15},"end":{"line":43,"column":27}},"12":{"start":{"line":44,"column":4},"end":{"line":44,"column":31}},"13":{"start":{"line":49,"column":28},"end":{"line":52,"column":42}},"14":{"start":{"line":54,"column":4},"end":{"line":54,"column":27}},"15":{"start":{"line":54,"column":15},"end":{"line":54,"column":27}},"16":{"start":{"line":56,"column":19},"end":{"line":56,"column":61}},"17":{"start":{"line":56,"column":48},"end":{"line":56,"column":58}},"18":{"start":{"line":57,"column":4},"end":{"line":57,"column":18}},"19":{"start":{"line":62,"column":28},"end":{"line":66,"column":15}},"20":{"start":{"line":68,"column":4},"end":{"line":68,"column":27}},"21":{"start":{"line":68,"column":15},"end":{"line":68,"column":27}},"22":{"start":{"line":69,"column":4},"end":{"line":69,"column":29}},"23":{"start":{"line":74,"column":28},"end":{"line":79,"column":15}},"24":{"start":{"line":81,"column":4},"end":{"line":81,"column":27}},"25":{"start":{"line":81,"column":15},"end":{"line":81,"column":27}},"26":{"start":{"line":82,"column":4},"end":{"line":82,"column":29}},"27":{"start":{"line":87,"column":22},"end":{"line":90,"column":19}},"28":{"start":{"line":92,"column":4},"end":{"line":92,"column":27}},"29":{"start":{"line":92,"column":15},"end":{"line":92,"column":27}},"30":{"start":{"line":93,"column":4},"end":{"line":93,"column":16}},"31":{"start":{"line":102,"column":28},"end":{"line":106,"column":15}},"32"
[...]
me":"(anonymous_5)","decl":{"start":{"line":126,"column":2},"end":{"line":126,"column":3}},"loc":{"start":{"line":126,"column":42},"end":{"line":129,"column":3}},"line":126}},"branchMap":{"0":{"loc":{"start":{"line":14,"column":4},"end":{"line":14,"column":48}},"type":"default-arg","locations":[{"start":{"line":14,"column":33},"end":{"line":14,"column":48}}],"line":14},"1":{"loc":{"start":{"line":18,"column":4},"end":{"line":20,"column":5}},"type":"if","locations":[{"start":{"line":18,"column":4},"end":{"line":20,"column":5}},{"start":{},"end":{}}],"line":18},"2":{"loc":{"start":{"line":27,"column":4},"end":{"line":40,"column":5}},"type":"switch","locations":[{"start":{"line":28,"column":6},"end":{"line":30,"column":14}},{"start":{"line":31,"column":6},"end":{"line":33,"column":14}},{"start":{"line":34,"column":6},"end":{"line":36,"column":14}},{"start":{"line":37,"column":6},"end":{"line":39,"column":14}}],"line":27},"3":{"loc":{"start":{"line":46,"column":22},"end":{"line":46,"column":62}},"type":"cond-expr","locations":[{"start":{"line":46,"column":36},"end":{"line":46,"column":50}},{"start":{"line":46,"column":53},"end":{"line":46,"column":62}}],"line":46},"4":{"loc":{"start":{"line":56,"column":6},"end":{"line":56,"column":48}},"type":"if","locations":[{"start":{"line":56,"column":6},"end":{"line":56,"column":48}},{"start":{},"end":{}}],"line":56},"5":{"loc":{"start":{"line":61,"column":6},"end":{"line":67,"column":7}},"type":"if","locations":[{"start":{"line":61,"column":6},"end":{"line":67,"column":7}},{"start":{},"end":{}}],"line":61},"6":{"loc":{"start":{"line":74,"column":22},"end":{"line":74,"column":69}},"type":"binary-expr","locations":[{"start":{"line":74,"column":22},"end":{"line":74,"column":42}},{"start":{"line":74,"column":46},"end":{"line":74,"column":69}}],"line":74},"7":{"loc":{"start":{"line":75,"column":23},"end":{"line":75,"column":72}},"type":"binary-expr","locations":[{"start":{"line":75,"column":23},"end":{"line":75,"column":44}},{"start":{"line":75,"column":48},"end":{"line":75,"column":72}}],"line":75},"8":{"loc":{"start":{"line":77,"column":4},"end":{"line":81,"column":5}},"type":"if","locations":[{"start":{"line":77,"column":4},"end":{"line":81,"column":5}},{"start":{"line":79,"column":11},"end":{"line":81,"column":5}}],"line":77},"9":{"loc":{"start":{"line":92,"column":6},"end":{"line":94,"column":7}},"type":"if","locations":[{"start":{"line":92,"column":6},"end":{"line":94,"column":7}},{"start":{},"end":{}}],"line":92},"10":{"loc":{"start":{"line":99,"column":6},"end":{"line":101,"column":7}},"type":"if","locations":[{"start":{"line":99,"column":6},"end":{"line":101,"column":7}},{"start":{},"end":{}}],"line":99},"11":{"loc":{"start":{"line":99,"column":10},"end":{"line":99,"column":61}},"type":"binary-expr","locations":[{"start":{"line":99,"column":10},"end":{"line":99,"column":34}},{"start":{"line":99,"column":38},"end":{"line":99,"column":61}}],"line":99},"12":{"loc":{"start":{"line":108,"column":4},"end":{"line":108,"column":49}},"type":"if","locations":[{"start":{"line":108,"column":4},"end":{"line":108,"column":49}},{"start":{},"end":{}}],"line":108},"13":{"loc":{"start":{"line":108,"column":8},"end":{"line":108,"column":34}},"type":"binary-expr","locations":[{"start":{"line":108,"column":8},"end":{"line":108,"column":19}},{"start":{"line":108,"column":23},"end":{"line":108,"column":34}}],"line":108},"14":{"loc":{"start":{"line":109,"column":4},"end":{"line":109,"column":34}},"type":"if","locations":[{"start":{"line":109,"column":4},"end":{"line":109,"column":34}},{"start":{},"end":{}}],"line":109},"15":{"loc":{"start":{"line":110,"column":4},"end":{"line":110,"column":33}},"type":"if","locations":[{"start":{"line":110,"column":4},"end":{"line":110,"column":33}},{"start":{},"end":{}}],"line":110},"16":{"loc":{"start":{"line":116,"column":6},"end":{"line":116,"column":73}},"type":"if","locations":[{"start":{"line":116,"column":6},"end":{"line":116,"column":73}},{"start":{},"end":{}}],"line":116},"17":{"loc":{"start":{"line":116,"column":10},"end":{"line":116,"column":58}},"type":"binary-expr","locations":[{"start":{"line":116,"column":10},"end":{"line":116,"column":32}},{"start":{"line":116,"column":36},"end":{"line":116,"column":58}}],"line":116},"18":{"loc":{"start":{"line":117,"column":6},"end":{"line":117,"column":47}},"type":"if","locations":[{"start":{"line":117,"column":6},"end":{"line":117,"column":47}},{"start":{},"end":{}}],"line":117},"19":{"loc":{"start":{"line":118,"column":6},"end":{"line":118,"column":46}},"type":"if","locations":[{"start":{"line":118,"column":6},"end":{"line":118,"column":46}},{"start":{},"end":{}}],"line":118}},"s":{"0":8,"1":8,"2":1,"3":7,"4":7,"5":7,"6":1,"7":1,"8":1,"9":1,"10":4,"11":4,"12":1,"13":1,"14":7,"15":11,"16":11,"17":11,"18":11,"19":38,"20":18,"21":20,"22":20,"23":20,"24":14,"25":11,"26":4,"27":4,"28":4,"29":1,"30":3,"31":4,"32":4,"33":4,"34":12,"35":4,"36":4,"37":8,"38":3,"39":4,"40":12,"41":1,"42":11,"43":2,"44":9,"45":1,"46":8,"47":8,"48":8,"49":8,"50":0,"51":8,"52":1,"53":7,"54":1,"55":6,"56":0,"57":0},"f":{"0":8,"1":11,"2":4,"3":4,"4":12,"5":0},"b":{"0":[0],"1":[1,7],"2":[1,1,4,1],"3":[6,1],"4":[18,20],"5":[14,6],"6":[4,1],"7":[4,0],"8":[1,3],"9":[4,8],"10":[3,5],"11":[8,3],"12":[1,11],"13":[12,3],"14":[2,9],"15":[1,8],"16":[0,8],"17":[8,1],"18":[1,7],"19":[1,6]},"_coverageSchema":"1a1c01bbd47fc00a2c39e90264f33305004495a9","hash":"6c798626544d212beed963ec73fb27e0e59aef16"}
,"C:\\Users\\pseno\\OneDrive\\Área de Trabalho\\ObrasKauany\\AppOperacao\\services\\offline\\IDaraService.ts": {"path":"C:\\Users\\pseno\\OneDrive\\Área de Trabalho\\ObrasKauany\\AppOperacao\\services\\offline\\IDaraService.ts","statementMap":{},"fnMap":{},"branchMap":{},"s":{},"f":{},"b":{}}
,"C:\\Users\\pseno\\OneDrive\\Área de Trabalho\\ObrasKauany\\AppOperacao\\services\\offline\\NetworkService.ts": {"path":"C:\\Users\\pseno\\OneDrive\\Área de Trabalho\\ObrasKauany\\AppOperacao\\services\\offline\\NetworkService.ts","statementMap":{"0":{"start":{"line":5,"column":68},"end":{"line":5,"column":70}},"1":{"start":{"line":9,"column":7},"end":{"line":19,"column":10}},"2":{"start":{"line":10,"column":29},"end":{"line":10,"column":75}},"3":{"start":{"line":12,"column":9},"end":{"line":15,"column":10}},"4":{"start":{"line":14,"column":11},"end":{"line":14,"column":39}},"5":{"start":{"line":18,"column":9},"end":{"line":18,"column":67}},"6":{"start":{"line":18,"column":44},"end":{"line":18,"column":65}},"7":{"start":{"line":23,"column":21},"end":{"line":23,"column":42}},"8":{"start":{"line":24,"column":7},"end":{"line":24,"column":61}},"9":{"start":{"line":28,"column":7},"end":{"line":28,"column":37}},"10":{"start":{"line":32,"column":7},"end":{"line":42,"column":8}},"11":{"start":{"line":34,"column":29},"end":{"line":34,"column":46}},"12":{"start":{"line":35,"column":9},"end":{"line":35,"column":42}},"13":{"start":{"line":36,"column":9},"end":{"line":36,"column":44}},"14":{"start":{"line":39,"column":9},"end":{"line":39,"column":43}},"15":{"start":{"line":41,"column":9},"end":{"line":41,"column":67}}},"fnMap":{"0":{"name":"(anonymous_0)","decl":{"start":{"line":7,"column":5},"end":{"line":7,"column":6}},"loc":{"start":{"line":7,"column":31},"end":{"line":20,"column":6}},"line":7},"1":{"name":"(anonymous_1)","decl":{"start":{"line":9,"column":32},"end":{"line":9,"column":33}},"loc":{"start":{"line":9,"column":41},"end":{"line":19,"column":8}},"line":9},"2":{"name":"(anonymous_2)","decl":{"start":{"line":18,"column":32},"end":{"line":18,"column":33}},"loc":{"start":{"line":18,"column":44},"end":{"line":18,"column":65}},"line":18},"3":{"name":"(anonymous_3)","decl":{"start":{"line":22,"column":5},"end":{"line":22,"column":6}},"loc":{"start":{"line":22,"column":50},"end":{"line":25,"column":6}},"line":22},"4":{"name":"(anonymous_4)","decl":{"start":{"line":27,"column":5},"end":{"line":27,"column":6}},"loc":{"start":{"line":27,"column":66},"end":{"line":29,"column":6}},"line":27},"5":{"name":"(anonymous_5)","decl":{"start":{"line":31,"column":5},"end":{"line":31,"column":6}},"loc":{"start":{"line":31,"column":49},"end":{"line":43,"column":6}},"line":31}},"branchMap":{"0":{"loc":{"start":{"line":10,"column":29},"end":{"line":10,"column":75}},"type":"binary-expr","locations":[{"start":{"line":10,"column":29},"end":{"line":10,"column":46}},{"start":{"line":10,"column":50},"end":{"line":10,"column":75}}],"line":10},"1":{"loc":{"start":{"line":12,"column":9},"end":{"line":15,"column":10}},"type":"if","locations":[{"start":{"line":12,"column":9},"end":{"line":15,"column":10}},{"start":{},"end":{}}],"line":12},"2":{"loc":{"start":{"line":24,"column":14},"end":{"line":24,"column":60}},"type":"binary-expr","locations":[{"start":{"line":24,"column":14},"end":{"line":24,"column":31}},{"start":{"line":24,"column":35},"end":{"line":24,"column":60}}],"line":24}},"s":{"0":0,"1":0,"2":0,"3":0,"4":0,"5":0,"6":0,"7":0,"8":0,"9":0,"10":0,"11":0,"12":0,"13":0,"14":0,"15":0},"f":{"0":0,"1":0,"2":0,"3":0,"4":0,"5":0},"b":{"0":[0,0],"1":[0,0],"2":[0,0]}}
,"C:\\Users\\pseno\\OneDrive\\Área de Trabalho\\ObrasKauany\\AppOperacao\\services\\offline\\OfflineDataService.ts": {"path":"C:\\Users\\pseno\\OneDrive\\Área de Trabalho\\ObrasKauany\\AppOperacao\\services\\offline\\OfflineDataService.ts","statementMap":{"0":{"start":{"line":6,"column":7},"end":{"line":25,"column":10}},"1":{"start":{"line":7,"column":20},"end":{"line":7,"column":38}},"2":{"start":{"line":8,"column":9},"end":{"line":24,"column":12}},"3":{"start":{"line":9,"column":11},"end":{"line":23,"column":13}},"4":{"start":{"line":16,"column":32},"end":{"line":16,"column":34}},"5":{"start":{"line":17,"column":15},"end":{"line":19,"column":16}},"6":{"start":{"line":17,"column":28},"end":{"line":17,"column":29}},"7":{"start":{"line":18,"column":17},"end":{"line":18,"column":45}},"8":{"start":{"line":20,"column":15},"end":{"line":20,"column":33}},"9":{"start":{"line":22,"column":27},"end":{"line":22,"column":40}},"10":{"start":{"line":29,"column":7},"end":{"line":41,"column":10}},"11":{"start":{"line":30,"column":20},"end":{"line":30,"column":38}},"12":{"start":{"line":31,"column":9},"end":{"line":40,"column":12}},"13":{"start":{"line":32,"column":11},"end":{"line":39,"column":13}},"14":{"start":{"line":37,"column":19},"end":{"line":37,"column":28}},"15":{"start":{"line":38,"column":27},"end":{"line":38,"column":40}}},"fnMap":{"0":{"name":"(anonymous_0)","decl":{"start":{"line":5,"column":5},"end":{"line":5,"column":6}},"loc":{"start":{"line":5,"column":41},"end":{"line":26,"column":6}},"line":5},"1":{"name":"(anonymous_1)","decl":{"start":{"line":6,"column":26},"end":{"line":6,"column":27}},"loc":{"start":{"line":6,"column":47},"end":{"line":25,"column":8}},"line":6},"2":{"name":"(anonymous_2)","decl":{"start":{"line":8,"column":24},"end":{"line":8,"column":25}},"loc":{"start":{"line":8,"column":30},"end":{"line":24,"column":10}},"line":8},"3":{"name":"(anonymous_3)","decl":{"start":{"line":15,"column":13},"end":{"line":15,"column":14}},"loc":{"start":{"line":15,"column":30},"end":{"line":21,"column":14}},"line":15},"4":{"name":"(anonymous_4)","decl":{"start":{"line":22,"column":13},"end":{"line":22,"column":14}},"loc":{"start":{"line":22,"column":27},"end":{"line":22,"column":40}},"line":22},"5":{"name":"(anonymous_5)","decl":{"start":{"line":28,"column":5},"end":{"line":28,"column":6}},"loc":{"start":{"line":28,"column":63},"end":{"line":42,"column":6}},"line":28},"6":{"name":"(anonymous_6)","decl":{"start":{"line":29,"column":26},"end":{"line":29,"column":27}},"loc":{"start":{"line":29,"column":47},"end":{"line":41,"column":8}},"line":29},"7":{"name":"(anonymous_7)","decl":{"start":{"line":31,"column":24},"end":{"line":31,"column":25}},"loc":{"start":{"line":31,"column":30},"end":{"line":40,"column":10}},"line":31},"8":{"name":"(anonymous_8)","decl":{"start":{"line":37,"column":13},"end":{"line":37,"column":14}},"loc":{"start":{"line":37,"column":19},"end":{"line":37,"column":28}},"line":37},"9":{"name":"(anonymous_9)","decl":{"start":{"line":38,"column":13},"end":{"line":38,"column":14}},"loc":{"start":{"line":38,"column":27},"end":{"line":38,"column":40}},"line":38}},"branchMap":{},"s":{"0":0,"1":0,"2":0,"3":0,"4":0,"5":0,"6":0,"7":0,"8":0,"9":0,"10":0,"11":0,"12":0,"13":0,"14":0,"15":0},"f":{"0":0,"1":0,"2":0,"3":0,"4":0,"5":0,"6":0,"7":0,"8":0,"9":0},"b":{},"_coverageSchema":"1a1c01bbd47fc00a2c39e90264f33305004495a9","hash":"b0de62a97beb40033a7a2aff224206d6174411bd"}
,"C:\\Users\\pseno\\OneDrive\\Área de Trabalho\\ObrasKauany\\AppOperacao\\services\\offline\\QueueService.ts": {"path":"C:\\Users\\pseno\\OneDrive\\Área de Trabalho\\ObrasKauany\\AppOperacao\\services\\offline\\QueueService.ts","statementMap":{"0":{"start":{"line":4,"column":18},"end":{"line":4,"column":36}},"1":{"start":{"line":5,"column":7},"end":{"line":11,"column":10}},"2":{"start":{"line":6,"column":9},"end":{"line":10,"column":11}},"3":{"start":{"line":16,"column":18},"end":{"line":16,"column":36}},"4":{"start":{"line":17,"column":7},"end":{"line":28,"column":10}},"5":{"start":{"line":18,"column":9},"end":{"line":27,"column":11}},"6":{"start":{"line":22,"column":13},"end":{"line":25,"column":14}},"7":{"start":{"line":22,"column":26},"end":{"line":22,"column":27}},"8":{"start":{"line":23,"column":33},"end":{"line":23,"column":45}},"9":{"start":{"line":24,"column":15},"end":{"line":24,"column":54}},"10":{"start":{"line":32,"column":7},"end":{"line":55,"column":8}},"11":{"start":{"line":33,"column":22},"end":{"line":33,"column":48}},"12":{"start":{"line":35,"column":9},"end":{"line":48,"column":10}},"13":{"start":{"line":37,"column":13},"end":{"line":40,"column":46}},"14":{"start":{"line":41,"column":13},"end":{"line":41,"column":19}},"15":{"start":{"line":43,"column":13},"end":{"line":45,"column":29}},"16":{"start":{"line":46,"column":13},"end":{"line":46,"column":19}},"17":{"start":{"line":51,"column":9},"end":{"line":51,"column":61}},"18":{"start":{"line":54,"column":9},"end":{"line":54,"column":46}}},"fnMap":{"0":{"name":"(anonymous_0)","decl":{"start":{"line":3,"column":5},"end":{"line":3,"column":6}},"loc":{"start":{"line":3,"column":89},"end":{"line":12,"column":6}},"line":3},"1":{"name":"(anonymous_1)","decl":{"start":{"line":5,"column":22},"end":{"line":5,"column":23}},"loc":{"start":{"line":5,"column":28},"end":{"line":11,"column":8}},"line":5},"2":{"name":"(anonymous_2)","decl":{"start":{"line":15,"column":5},"end":{"line":15,"column":6}},"loc":{"start":{"line":15,"column":33},"end":{"line":29,"column":6}},"line":15},"3":{"name":"(anonymous_3)","decl":{"start":{"line":17,"column":22},"end":{"line":17,"column":23}},"loc":{"start":{"line":17,"column":28},"end":{"line":28,"column":8}},"line":17},"4":{"name":"(anonymous_4)","decl":{"start":{"line":21,"column":11},"end":{"line":21,"column":12}},"loc":{"start":{"line":21,"column":34},"end":{"line":26,"column":12}},"line":21},"5":{"name":"(anonymous_5)","decl":{"start":{"line":31,"column":5},"end":{"line":31,"column":6}},"loc":{"start":{"line":31,"column":59},"end":{"line":56,"column":6}},"line":31}},"branchMap":{"0":{"loc":{"start":{"line":35,"column":9},"end":{"line":48,"column":10}},"type":"switch","locations":[{"start":{"line":36,"column":11},"end":{"line":41,"column":19}},{"start":{"line":42,"column":11},"end":{"line":46,"column":19}}],"line":35}},"s":{"0":0,"1":0,"2":0,"3":0,"4":0,"5":0,"6":0,"7":0,"8":0,"9":0,"10":0,"11":0,"12":0,"13":0,"14":0,"15":0,"16":0,"17":0,"18":0},"f":{"0":0,"1":0,"2":0,"3":0,"4":0,"5":0},"b":{"0":[0,0]},"_coverageSchema":"1a1c01bbd47fc00a2c39e90264f33305004495a9","hash":"4c1dec3668dbcfd8763318336da80c163e2245fe"}
,"C:\\Users\\pseno\\OneDrive\\Área de Trabalho\\ObrasKauany\\AppOperacao\\services\\offline\\database.ts": {"path":"C:\\Users\\pseno\\OneDrive\\Área de Trabalho\\ObrasKauany\\AppOperacao\\services\\offline\\database.ts","statementMap":{"0":{"start":{"line":3,"column":14},"end":{"line":3,"column":51}},"1":{"start":{"line":6,"column":24},"end":{"line":82,"column":4}},"2":{"start":{"line":8,"column":5},"end":{"line":81,"column":8}},"3":{"start":{"line":9,"column":7},"end":{"line":20,"column":10}},"4":{"start":{"line":23,"column":7},"end":{"line":34,"column":10}},"5":{"start":{"line":37,"column":7},"end":{"line":53,"column":10}},"6":{"start":{"line":56,"column":7},"end":{"line":65,"column":10}},"7":{"start":{"line":68,"column":7},"end":{"line":80,"column":10}}},"fnMap":{"0":{"name":"(anonymous_0)","decl":{"start":{"line":6,"column":24},"end":{"line":6,"column":25}},"loc":{"start":{"line":6,"column":30},"end":{"line":82,"column":4}},"line":6},"1":{"name":"(anonymous_1)","decl":{"start":{"line":8,"column":20},"end":{"line":8,"column":21}},"loc":{"start":{"line":8,"column":26},"end":{"line":81,"column":6}},"line":8}},"branchMap":{},"s":{"0":1,"1":1,"2":0,"3":0,"4":0,"5":0,"6":0,"7":0},"f":{"0":0,"1":0},"b":{},"_coverageSchema":"1a1c01bbd47fc00a2c39e90264f33305004495a9","hash":"7a7ebdd3fa37c938b754024da303f4e83bdd54b5"}
,"C:\\Users\\pseno\\OneDrive\\Área de Trabalho\\ObrasKauany\\AppOperacao\\services\\offline\\syncService.ts": {"path":"C:\\Users\\pseno\\OneDrive\\Área de Trabalho\\ObrasKauany\\AppOperacao\\services\\offline\\syncService.ts","statementMap":{"0":{"start":{"line":7,"column":7},"end":{"line":35,"column":8}},"1":{"start":{"line":9,"column":41},"end":{"line":11,"column":23}},"2":{"start":{"line":13,"column":35},"end":{"line":15,"column":23}},"3":{"start":{"line":18,"column":20},"end":{"line":18,"column":38}},"4":{"start":{"line":20,"column":9},"end":{"line":30,"column":12}},"5":{"start":{"line":21,"column":11},"end":{"line":29,"column":14}},"6":{"start":{"line":22,"column":13},"end":{"line":28,"column":15}},"7":{"start":{"line":34,"column":9},"end":{"line":34,"column":68}},"8":{"start":{"line":40,"column":7},"end":{"line":76,"column":8}},"9":{"start":{"line":41,"column":20},"end":{"line":41,"column":38}},"10":{"start":{"line":44,"column":9},"end":{"line":73,"column":12}},"11":{"start":{"line":45,"column":11},"end":{"line":72,"column":13}},"12":{"start":{"line":49,"column":15},"end":{"line":70,"column":16}},"13":{"start":{"line":49,"column":28},"end":{"line":49,"column":29}},"14":{"start":{"line":50,"column":33},"end":{"line":50,"column":45}},"15":{"start":{"line":53,"column":35},"end":{"line":61,"column":21}},"16":{"start":{"line":63,"column":17},"end":{"line":69,"column":18}},"17":{"start":{"line":65,"column":19},"end":{"line":68,"column":21}},"18":{"start":{"line":75,"column":9},"end":{"line":75,"column":70}}},"fnMap":{"0":{"name":"(anonymous_0)","decl":{"start":{"line":6,"column":5},"end":{"line":6,"column":6}},"loc":{"start":{"line":6,"column":28},"end":{"line":36,"column":6}},"line":6},"1":{"name":"(anonymous_1)","decl":{"start":{"line":20,"column":32},"end":{"line":20,"column":33}},"loc":{"start":{"line":20,"column":47},"end":{"line":30,"column":10}},"line":20},"2":{"name":"(anonymous_2)","decl":{"start":{"line":21,"column":26},"end":{"line":21,"column":27}},"loc":{"start":{"line":21,"column":32},"end":{"line":29,"column":12}},"line":21},"3":{"name":"(anonymous_3)","decl":{"start":{"line":39,"column":5},"end":{"line":39,"column":6}},"loc":{"start":{"line":39,"column":26},"end":{"line":77,"column":6}},"line":39},"4":{"name":"(anonymous_4)","decl":{"start":{"line":44,"column":24},"end":{"line":44,"column":25}},"loc":{"start":{"line":44,"column":30},"end":{"line":73,"column":10}},"line":44},"5":{"name":"(anonymous_5)","decl":{"start":{"line":48,"column":13},"end":{"line":48,"column":14}},"loc":{"start":{"line":48,"column":36},"end":{"line":71,"column":14}},"line":48}},"branchMap":{"0":{"loc":{"start":{"line":63,"column":17},"end":{"line":69,"column":18}},"type":"if","locations":[{"start":{"line":63,"column":17},"end":{"line":69,"column":18}},{"start":{},"end":{}}],"line":63}},"s":{"0":0,"1":0,"2":0,"3":0,"4":0,"5":0,"6":0,"7":0,"8":0,"9":0,"10":0,"11":0,"12":0,"13":0,"14":0,"15":0,"16":0,"17":0,"18":0},"f":{"0":0,"1":0,"2":0,"3":0,"4":0,"5":0},"b":{"0":[0,0]}}
}
