TN:
SF:components\AuthGuard.tsx
FN:10,AuthGuard
FNF:1
FNH:0
FNDA:0,AuthGuard
DA:11,0
DA:13,0
DA:14,0
DA:21,0
DA:22,0
DA:25,0
DA:28,0
LF:7
LH:0
BRDA:13,0,0,0
BRDA:13,0,1,0
BRDA:21,1,0,0
BRDA:21,1,1,0
BRF:4
BRH:0
end_of_record
TN:
SF:components\ChecklistModal.tsx
FN:34,ChecklistModal
FN:43,(anonymous_1)
FN:78,(anonymous_2)
FN:84,(anonymous_3)
FN:103,(anonymous_4)
FN:123,(anonymous_5)
FN:125,(anonymous_6)
FN:182,(anonymous_7)
FN:192,(anonymous_8)
FN:200,(anonymous_9)
FN:214,(anonymous_10)
FN:219,(anonymous_11)
FN:224,(anonymous_12)
FN:229,(anonymous_13)
FN:240,(anonymous_14)
FN:269,(anonymous_15)
FN:270,(anonymous_16)
FN:272,(anonymous_17)
FN:277,(anonymous_18)
FN:278,(anonymous_19)
FN:286,(anonymous_20)
FN:291,(anonymous_21)
FN:349,(anonymous_22)
FN:489,(anonymous_23)
FN:498,(anonymous_24)
FN:502,(anonymous_25)
FN:531,(anonymous_26)
FN:580,(anonymous_27)
FN:587,(anonymous_28)
FN:591,(anonymous_29)
FN:618,(anonymous_30)
FN:629,(anonymous_31)
FN:685,(anonymous_32)
FN:707,(anonymous_33)
FN:717,(anonymous_34)
FN:729,(anonymous_35)
FN:752,(anonymous_36)
FN:759,(anonymous_37)
FN:773,(anonymous_38)
FN:788,(anonymous_39)
FN:789,(anonymous_40)
FN:799,(anonymous_41)
FN:811,(anonymous_42)
FN:831,(anonymous_43)
FN:835,(anonymous_44)
FN:846,(anonymous_45)
FN:851,(anonymous_46)
FN:877,(anonymous_47)
FN:878,(anonymous_48)
FNF:49
FNH:0
FNDA:0,ChecklistModal
FNDA:0,(anonymous_1)
FNDA:0,(anonymous_2)
FNDA:0,(anonymous_3)
FNDA:0,(anonymous_4)
FNDA:0,(anonymous_5)
FNDA:0,(anonymous_6)
FNDA:0,(anonymous_7)
FNDA:0,(anonymous_8)
FNDA:0,(anonymous_9)
FNDA:0,(anonymous_10)
FNDA:0,(anonymous_11)
FNDA:0,(anonymous_12)
FNDA:0,(anonymous_13)
FNDA:0,(anonymous_14)
FNDA:0,(anonymous_15)
FNDA:0,(anonymous_16)
FNDA:0,(anonymous_17)
FNDA:0,(anonymous_18)
FNDA:0,(anonymous_19)
FNDA:0,(anonymous_20)
FNDA:0,(anonymous_21)
FNDA:0,(anonymous_22)
FNDA:0,(anonymous_23)
FNDA:0,(anonymous_24)
FNDA:0,(anonymous_25)
FNDA:0,(anonymous_26)
FNDA:0,(anonymous_27)
FNDA:0,(anonymous_28)
FNDA:0,(anonymous_29)
FNDA:0,(anonymous_30)
FNDA:0,(anonymous_31)
FNDA:0,(anonymous_32)
FNDA:0,(anonymous_33)
FNDA:0,(anonymous_34)
FNDA:0,(anonymous_35)
FNDA:0,(anonymous_36)
FNDA:0,(anonymous_37)
FNDA:0,(anonymous_38)
FNDA:0,(anonymous_39)
FNDA:0,(anonymous_40)
FNDA:0,(anonymous_41)
FNDA:0,(anonymous_42)
FNDA:0,(anonymous_43)
FNDA:0,(anonymous_44)
FNDA:0,(anonymous_45)
FNDA:0,(anonymous_46)
FNDA:0,(anonymous_47)
FNDA:0,(anonymous_48)
DA:41,0
DA:42,0
DA:43,0
DA:44,0
DA:45,0
DA:46,0
DA:49,0
DA:50,0
DA:51,0
DA:52,0
DA:53,0
DA:58,0
DA:72,0
DA:73,0
DA:74,0
DA:75,0
DA:76,0
DA:78,0
DA:79,0
DA:80,0
DA:84,0
DA:86,0
DA:89,0
DA:91,0
DA:92,0
DA:93,0
DA:94,0
DA:97,0
DA:98,0
DA:99,0
DA:100,0
DA:103,0
DA:105,0
DA:107,0
DA:110,0
DA:111,0
DA:116,0
DA:119,0
DA:120,0
DA:123,0
DA:125,0
DA:127,0
DA:130,0
DA:131,0
DA:135,0
DA:136,0
DA:138,0
DA:154,0
DA:155,0
DA:156,0
DA:158,0
DA:161,0
DA:164,0
DA:165,0
DA:168,0
DA:170,0
DA:177,0
DA:178,0
DA:182,0
DA:183,0
DA:184,0
DA:185,0
DA:192,0
DA:195,0
DA:196,0
DA:197,0
DA:200,0
DA:201,0
DA:202,0
DA:204,0
DA:209,0
DA:214,0
DA:219,0
DA:220,0
DA:222,0
DA:224,0
DA:225,0
DA:226,0
DA:227,0
DA:229,0
DA:230,0
DA:240,0
DA:242,0
DA:245,0
DA:253,0
DA:257,0
DA:261,0
DA:262,0
DA:269,0
DA:270,0
DA:271,0
DA:272,0
DA:273,0
DA:277,0
DA:278,0
DA:279,0
DA:280,0
DA:281,0
DA:286,0
DA:287,0
DA:288,0
DA:291,0
DA:292,0
DA:293,0
DA:297,0
DA:298,0
DA:299,0
DA:300,0
DA:303,0
DA:304,0
DA:305,0
DA:306,0
DA:312,0
DA:315,0
DA:317,0
DA:318,0
DA:319,0
DA:321,0
DA:325,0
DA:326,0
DA:327,0
DA:329,0
DA:334,0
DA:335,0
DA:338,0
DA:339,0
DA:340,0
DA:344,0
DA:345,0
DA:346,0
DA:349,0
DA:350,0
DA:352,0
DA:354,0
DA:356,0
DA:357,0
DA:368,0
DA:369,0
DA:370,0
DA:372,0
DA:376,0
DA:377,0
DA:380,0
DA:381,0
DA:386,0
DA:387,0
DA:398,0
DA:400,0
DA:402,0
DA:403,0
DA:405,0
DA:407,0
DA:409,0
DA:410,0
DA:412,0
DA:417,0
DA:418,0
DA:421,0
DA:422,0
DA:427,0
DA:428,0
DA:432,0
DA:433,0
DA:434,0
DA:438,0
DA:439,0
DA:442,0
DA:446,0
DA:447,0
DA:449,0
DA:454,0
DA:457,0
DA:464,0
DA:465,0
DA:467,0
DA:471,0
DA:472,0
DA:475,0
DA:476,0
DA:477,0
DA:483,0
DA:486,0
DA:488,0
DA:489,0
DA:490,0
DA:492,0
DA:497,0
DA:500,0
DA:502,0
DA:503,0
DA:505,0
DA:512,0
DA:513,0
DA:514,0
DA:518,0
DA:520,0
DA:523,0
DA:531,0
DA:581,0
DA:582,0
DA:583,0
DA:584,0
DA:585,0
DA:588,0
DA:589,0
DA:592,0
DA:593,0
DA:594,0
DA:618,0
DA:629,0
DA:685,0
DA:707,0
DA:717,0
DA:729,0
DA:752,0
DA:760,0
DA:774,0
DA:775,0
DA:788,0
DA:790,0
DA:799,0
DA:812,0
DA:831,0
DA:835,0
DA:847,0
DA:851,0
DA:878,0
DA:880,0
DA:882,0
DA:932,0
LF:230
LH:0
BRDA:49,0,0,0
BRDA:49,0,1,0
BRDA:79,1,0,0
BRDA:79,1,1,0
BRDA:79,2,0,0
BRDA:79,2,1,0
BRDA:89,3,0,0
BRDA:89,3,1,0
BRDA:105,4,0,0
BRDA:105,4,1,0
BRDA:110,5,0,0
BRDA:110,5,1,0
BRDA:110,6,0,0
BRDA:110,6,1,0
BRDA:125,7,0,0
BRDA:125,7,1,0
BRDA:131,8,0,0
BRDA:131,8,1,0
BRDA:142,9,0,0
BRDA:142,9,1,0
BRDA:147,10,0,0
BRDA:147,10,1,0
BRDA:156,11,0,0
BRDA:156,11,1,0
BRDA:165,12,0,0
BRDA:165,12,1,0
BRDA:165,13,0,0
BRDA:165,13,1,0
BRDA:165,13,2,0
BRDA:195,14,0,0
BRDA:195,14,1,0
BRDA:195,15,0,0
BRDA:195,15,1,0
BRDA:195,15,2,0
BRDA:201,16,0,0
BRDA:201,16,1,0
BRDA:214,17,0,0
BRDA:214,17,1,0
BRDA:222,18,0,0
BRDA:222,18,1,0
BRDA:225,19,0,0
BRDA:225,19,1,0
BRDA:240,20,0,0
BRDA:240,20,1,0
BRDA:242,21,0,0
BRDA:242,21,1,0
BRDA:247,22,0,0
BRDA:247,22,1,0
BRDA:271,23,0,0
BRDA:271,23,1,0
BRDA:272,24,0,0
BRDA:272,24,1,0
BRDA:297,25,0,0
BRDA:297,25,1,0
BRDA:297,26,0,0
BRDA:297,26,1,0
BRDA:297,26,2,0
BRDA:297,26,3,0
BRDA:303,27,0,0
BRDA:303,27,1,0
BRDA:315,28,0,0
BRDA:315,28,1,0
BRDA:318,29,0,0
BRDA:318,29,1,0
BRDA:326,30,0,0
BRDA:326,30,1,0
BRDA:335,31,0,0
BRDA:335,31,1,0
BRDA:336,32,0,0
BRDA:336,32,1,0
BRDA:337,33,0,0
BRDA:337,33,1,0
BRDA:350,34,0,0
BRDA:350,34,1,0
BRDA:352,35,0,0
BRDA:352,35,1,0
BRDA:352,36,0,0
BRDA:352,36,1,0
BRDA:352,36,2,0
BRDA:369,37,0,0
BRDA:369,37,1,0
BRDA:377,38,0,0
BRDA:377,38,1,0
BRDA:378,39,0,0
BRDA:378,39,1,0
BRDA:379,40,0,0
BRDA:379,40,1,0
BRDA:389,41,0,0
BRDA:389,41,1,0
BRDA:400,42,0,0
BRDA:400,42,1,0
BRDA:400,43,0,0
BRDA:400,43,1,0
BRDA:402,44,0,0
BRDA:402,44,1,0
BRDA:407,45,0,0
BRDA:407,45,1,0
BRDA:409,46,0,0
BRDA:409,46,1,0
BRDA:418,47,0,0
BRDA:418,47,1,0
BRDA:419,48,0,0
BRDA:419,48,1,0
BRDA:420,49,0,0
BRDA:420,49,1,0
BRDA:427,50,0,0
BRDA:427,50,1,0
BRDA:446,51,0,0
BRDA:446,51,1,0
BRDA:464,52,0,0
BRDA:464,52,1,0
BRDA:472,53,0,0
BRDA:472,53,1,0
BRDA:473,54,0,0
BRDA:473,54,1,0
BRDA:474,55,0,0
BRDA:474,55,1,0
BRDA:483,56,0,0
BRDA:483,56,1,0
BRDA:513,57,0,0
BRDA:513,57,1,0
BRDA:518,58,0,0
BRDA:518,58,1,0
BRDA:530,59,0,0
BRDA:530,59,1,0
BRDA:532,60,0,0
BRDA:532,60,1,0
BRDA:543,61,0,0
BRDA:543,61,1,0
BRDA:548,62,0,0
BRDA:548,62,1,0
BRDA:549,63,0,0
BRDA:549,63,1,0
BRDA:552,64,0,0
BRDA:552,64,1,0
BRDA:600,65,0,0
BRDA:600,65,1,0
BRDA:617,66,0,0
BRDA:617,66,1,0
BRDA:618,67,0,0
BRDA:618,67,1,0
BRDA:628,68,0,0
BRDA:628,68,1,0
BRDA:629,69,0,0
BRDA:629,69,1,0
BRDA:709,70,0,0
BRDA:709,70,1,0
BRDA:719,71,0,0
BRDA:719,71,1,0
BRDA:733,72,0,0
BRDA:733,72,1,0
BRDA:754,73,0,0
BRDA:754,73,1,0
BRDA:767,74,0,0
BRDA:767,74,1,0
BRDA:774,75,0,0
BRDA:774,75,1,0
BRDA:782,76,0,0
BRDA:782,76,1,0
BRDA:793,77,0,0
BRDA:793,77,1,0
BRDA:798,78,0,0
BRDA:798,78,1,0
BRDA:805,79,0,0
BRDA:805,79,1,0
BRDA:815,80,0,0
BRDA:815,80,1,0
BRDA:827,81,0,0
BRDA:827,81,1,0
BRDA:831,82,0,0
BRDA:831,82,1,0
BRDA:835,83,0,0
BRDA:835,83,1,0
BRDA:843,84,0,0
BRDA:843,84,1,0
BRDA:843,84,2,0
BRDA:843,84,3,0
BRDA:850,85,0,0
BRDA:850,85,1,0
BRDA:853,86,0,0
BRDA:853,86,1,0
BRDA:860,87,0,0
BRDA:860,87,1,0
BRDA:860,87,2,0
BRDA:864,88,0,0
BRDA:864,88,1,0
BRDA:873,89,0,0
BRDA:873,89,1,0
BRDA:880,90,0,0
BRDA:880,90,1,0
BRDA:884,91,0,0
BRDA:884,91,1,0
BRDA:886,92,0,0
BRDA:886,92,1,0
BRDA:889,93,0,0
BRDA:889,93,1,0
BRDA:891,94,0,0
BRDA:891,94,1,0
BRDA:892,95,0,0
BRDA:892,95,1,0
BRDA:902,96,0,0
BRDA:902,96,1,0
BRDA:914,97,0,0
BRDA:914,97,1,0
BRDA:916,98,0,0
BRDA:916,98,1,0
BRDA:922,99,0,0
BRDA:922,99,1,0
BRF:208
BRH:0
end_of_record
TN:
SF:components\ConfirmShiftStartModal.tsx
FN:18,ConfirmShiftStartModal
FN:32,(anonymous_1)
FN:33,(anonymous_2)
FN:35,(anonymous_3)
FN:41,(anonymous_4)
FN:58,(anonymous_5)
FN:102,(anonymous_6)
FN:107,(anonymous_7)
FN:121,(anonymous_8)
FN:126,(anonymous_9)
FNF:10
FNH:0
FNDA:0,ConfirmShiftStartModal
FNDA:0,(anonymous_1)
FNDA:0,(anonymous_2)
FNDA:0,(anonymous_3)
FNDA:0,(anonymous_4)
FNDA:0,(anonymous_5)
FNDA:0,(anonymous_6)
FNDA:0,(anonymous_7)
FNDA:0,(anonymous_8)
FNDA:0,(anonymous_9)
DA:26,0
DA:27,0
DA:28,0
DA:29,0
DA:32,0
DA:33,0
DA:35,0
DA:36,0
DA:37,0
DA:41,0
DA:42,0
DA:43,0
DA:44,0
DA:49,0
DA:51,0
DA:52,0
DA:54,0
DA:58,0
DA:59,0
DA:60,0
DA:61,0
DA:64,0
DA:65,0
DA:67,0
DA:68,0
DA:71,0
DA:102,0
DA:108,0
DA:121,0
DA:127,0
DA:166,0
LF:31
LH:0
BRDA:36,0,0,0
BRDA:36,0,1,0
BRDA:59,1,0,0
BRDA:59,1,1,0
BRDA:86,2,0,0
BRDA:86,2,1,0
BRDA:99,3,0,0
BRDA:99,3,1,0
BRDA:118,4,0,0
BRDA:118,4,1,0
BRDA:141,5,0,0
BRDA:141,5,1,0
BRDA:149,6,0,0
BRDA:149,6,1,0
BRDA:156,7,0,0
BRDA:156,7,1,0
BRF:16
BRH:0
end_of_record
TN:
SF:components\EditTeamModal.tsx
FN:26,EditTeamModal
FN:38,(anonymous_1)
FN:44,(anonymous_2)
FN:46,(anonymous_3)
FN:56,(anonymous_4)
FN:57,(anonymous_5)
FN:62,(anonymous_6)
FN:66,(anonymous_7)
FN:73,(anonymous_8)
FN:76,(anonymous_9)
FN:83,(anonymous_10)
FN:85,(anonymous_11)
FN:106,(anonymous_12)
FN:140,(anonymous_13)
FN:141,(anonymous_14)
FN:169,(anonymous_15)
FN:181,(anonymous_16)
FN:194,(anonymous_17)
FN:203,(anonymous_18)
FNF:19
FNH:0
FNDA:0,EditTeamModal
FNDA:0,(anonymous_1)
FNDA:0,(anonymous_2)
FNDA:0,(anonymous_3)
FNDA:0,(anonymous_4)
FNDA:0,(anonymous_5)
FNDA:0,(anonymous_6)
FNDA:0,(anonymous_7)
FNDA:0,(anonymous_8)
FNDA:0,(anonymous_9)
FNDA:0,(anonymous_10)
FNDA:0,(anonymous_11)
FNDA:0,(anonymous_12)
FNDA:0,(anonymous_13)
FNDA:0,(anonymous_14)
FNDA:0,(anonymous_15)
FNDA:0,(anonymous_16)
FNDA:0,(anonymous_17)
FNDA:0,(anonymous_18)
DA:35,0
DA:36,0
DA:38,0
DA:39,0
DA:40,0
DA:44,0
DA:46,0
DA:47,0
DA:48,0
DA:53,0
DA:54,0
DA:56,0
DA:57,0
DA:58,0
DA:61,0
DA:62,0
DA:66,0
DA:67,0
DA:68,0
DA:69,0
DA:72,0
DA:73,0
DA:76,0
DA:78,0
DA:79,0
DA:80,0
DA:83,0
DA:85,0
DA:86,0
DA:88,0
DA:89,0
DA:93,0
DA:94,0
DA:106,0
DA:108,0
DA:109,0
DA:110,0
DA:113,0
DA:114,0
DA:122,0
DA:123,0
DA:125,0
DA:128,0
DA:129,0
DA:130,0
DA:132,0
DA:135,0
DA:136,0
DA:140,0
DA:141,0
DA:142,0
DA:143,0
DA:145,0
DA:148,0
DA:170,0
DA:181,0
DA:195,0
DA:203,0
DA:223,0
LF:59
LH:0
BRDA:39,0,0,0
BRDA:39,0,1,0
BRDA:47,1,0,0
BRDA:47,1,1,0
BRDA:48,2,0,0
BRDA:48,2,1,0
BRDA:48,2,2,0
BRDA:53,3,0,0
BRDA:53,3,1,0
BRDA:67,4,0,0
BRDA:67,4,1,0
BRDA:78,5,0,0
BRDA:78,5,1,0
BRDA:86,6,0,0
BRDA:86,6,1,0
BRDA:88,7,0,0
BRDA:88,7,1,0
BRDA:89,8,0,0
BRDA:89,8,1,0
BRDA:89,8,2,0
BRDA:93,9,0,0
BRDA:93,9,1,0
BRDA:108,10,0,0
BRDA:108,10,1,0
BRDA:108,11,0,0
BRDA:108,11,1,0
BRDA:122,12,0,0
BRDA:122,12,1,0
BRDA:128,13,0,0
BRDA:128,13,1,0
BRDA:142,14,0,0
BRDA:142,14,1,0
BRDA:145,15,0,0
BRDA:145,15,1,0
BRDA:178,16,0,0
BRDA:178,16,1,0
BRF:36
BRH:0
end_of_record
TN:
SF:components\NetworkStatusBar.tsx
FN:5,(anonymous_0)
FNF:1
FNH:0
FNDA:0,(anonymous_0)
DA:5,0
DA:6,0
DA:8,0
DA:9,0
DA:16,0
DA:17,0
DA:24,0
DA:27,0
LF:8
LH:0
BRDA:8,0,0,0
BRDA:8,0,1,0
BRDA:16,1,0,0
BRDA:16,1,1,0
BRF:4
BRH:0
end_of_record
TN:
SF:services\api.ts
FN:9,(anonymous_0)
FN:24,(anonymous_1)
FN:36,(anonymous_2)
FN:48,(anonymous_3)
FN:56,(anonymous_4)
FN:61,(anonymous_5)
FN:73,(anonymous_6)
FN:86,(anonymous_7)
FN:101,(anonymous_8)
FN:113,(anonymous_9)
FN:125,(anonymous_10)
FN:138,(anonymous_11)
FN:150,(anonymous_12)
FN:164,(anonymous_13)
FN:179,(anonymous_14)
FN:193,(anonymous_15)
FN:207,(anonymous_16)
FN:223,(anonymous_17)
FN:239,(anonymous_18)
FN:256,(anonymous_19)
FN:271,(anonymous_20)
FN:287,(anonymous_21)
FN:298,(anonymous_22)
FN:313,(anonymous_23)
FN:328,(anonymous_24)
FN:338,(anonymous_25)
FN:339,(anonymous_26)
FN:353,(anonymous_27)
FN:361,(anonymous_28)
FN:370,(anonymous_29)
FN:386,(anonymous_30)
FN:414,(anonymous_31)
FN:427,(anonymous_32)
FN:428,(anonymous_33)
FN:432,(anonymous_34)
FN:450,(anonymous_35)
FN:463,(anonymous_36)
FN:464,(anonymous_37)
FN:469,(anonymous_38)
FN:476,(anonymous_39)
FN:501,(anonymous_40)
FN:547,(anonymous_41)
FN:599,(anonymous_42)
FN:620,(anonymous_43)
FNF:44
FNH:0
FNDA:0,(anonymous_0)
FNDA:0,(anonymous_1)
FNDA:0,(anonymous_2)
FNDA:0,(anonymous_3)
FNDA:0,(anonymous_4)
FNDA:0,(anonymous_5)
FNDA:0,(anonymous_6)
FNDA:0,(anonymous_7)
FNDA:0,(anonymous_8)
FNDA:0,(anonymous_9)
FNDA:0,(anonymous_10)
FNDA:0,(anonymous_11)
FNDA:0,(anonymous_12)
FNDA:0,(anonymous_13)
FNDA:0,(anonymous_14)
FNDA:0,(anonymous_15)
FNDA:0,(anonymous_16)
FNDA:0,(anonymous_17)
FNDA:0,(anonymous_18)
FNDA:0,(anonymous_19)
FNDA:0,(anonymous_20)
FNDA:0,(anonymous_21)
FNDA:0,(anonymous_22)
FNDA:0,(anonymous_23)
FNDA:0,(anonymous_24)
FNDA:0,(anonymous_25)
FNDA:0,(anonymous_26)
FNDA:0,(anonymous_27)
FNDA:0,(anonymous_28)
FNDA:0,(anonymous_29)
FNDA:0,(anonymous_30)
FNDA:0,(anonymous_31)
FNDA:0,(anonymous_32)
FNDA:0,(anonymous_33)
FNDA:0,(anonymous_34)
FNDA:0,(anonymous_35)
FNDA:0,(anonymous_36)
FNDA:0,(anonymous_37)
FNDA:0,(anonymous_38)
FNDA:0,(anonymous_39)
FNDA:0,(anonymous_40)
FNDA:0,(anonymous_41)
FNDA:0,(anonymous_42)
FNDA:0,(anonymous_43)
DA:7,0
DA:10,0
DA:15,0
DA:16,0
DA:25,0
DA:31,0
DA:32,0
DA:37,0
DA:43,0
DA:44,0
DA:49,0
DA:54,0
DA:56,0
DA:57,0
DA:62,0
DA:68,0
DA:69,0
DA:74,0
DA:81,0
DA:82,0
DA:87,0
DA:92,0
DA:93,0
DA:102,0
DA:108,0
DA:109,0
DA:114,0
DA:120,0
DA:121,0
DA:126,0
DA:133,0
DA:134,0
DA:139,0
DA:145,0
DA:146,0
DA:151,0
DA:156,0
DA:157,0
DA:165,0
DA:175,0
DA:176,0
DA:180,0
DA:189,0
DA:190,0
DA:194,0
DA:203,0
DA:204,0
DA:208,0
DA:219,0
DA:220,0
DA:224,0
DA:235,0
DA:236,0
DA:240,0
DA:252,0
DA:253,0
DA:257,0
DA:267,0
DA:268,0
DA:272,0
DA:283,0
DA:284,0
DA:288,0
DA:293,0
DA:294,0
DA:299,0
DA:309,0
DA:310,0
DA:314,0
DA:324,0
DA:325,0
DA:329,0
DA:334,0
DA:336,0
DA:338,0
DA:339,0
DA:342,0
DA:354,0
DA:358,0
DA:361,0
DA:362,0
DA:367,0
DA:370,0
DA:374,0
DA:383,0
DA:388,0
DA:391,0
DA:392,0
DA:402,0
DA:405,0
DA:406,0
DA:411,0
DA:414,0
DA:419,0
DA:423,0
DA:427,0
DA:428,0
DA:433,0
DA:436,0
DA:437,0
DA:446,0
DA:449,0
DA:450,0
DA:455,0
DA:459,0
DA:463,0
DA:464,0
DA:470,0
DA:473,0
DA:476,0
DA:498,0
DA:504,0
DA:517,0
DA:518,0
DA:521,0
DA:526,0
DA:529,0
DA:549,0
DA:552,0
DA:555,0
DA:556,0
DA:557,0
DA:558,0
DA:561,0
DA:562,0
DA:563,0
DA:564,0
DA:565,0
DA:568,0
DA:574,0
DA:577,0
DA:605,0
DA:616,0
DA:617,0
DA:625,0
DA:633,0
DA:634,0
LF:137
LH:0
BRDA:15,0,0,0
BRDA:15,0,1,0
BRDA:31,1,0,0
BRDA:31,1,1,0
BRDA:43,2,0,0
BRDA:43,2,1,0
BRDA:54,3,0,0
BRDA:54,3,1,0
BRDA:68,4,0,0
BRDA:68,4,1,0
BRDA:81,5,0,0
BRDA:81,5,1,0
BRDA:92,6,0,0
BRDA:92,6,1,0
BRDA:108,7,0,0
BRDA:108,7,1,0
BRDA:108,8,0,0
BRDA:108,8,1,0
BRDA:120,9,0,0
BRDA:120,9,1,0
BRDA:133,10,0,0
BRDA:133,10,1,0
BRDA:145,11,0,0
BRDA:145,11,1,0
BRDA:156,12,0,0
BRDA:156,12,1,0
BRDA:175,13,0,0
BRDA:175,13,1,0
BRDA:189,14,0,0
BRDA:189,14,1,0
BRDA:203,15,0,0
BRDA:203,15,1,0
BRDA:219,16,0,0
BRDA:219,16,1,0
BRDA:235,17,0,0
BRDA:235,17,1,0
BRDA:252,18,0,0
BRDA:252,18,1,0
BRDA:267,19,0,0
BRDA:267,19,1,0
BRDA:283,20,0,0
BRDA:283,20,1,0
BRDA:293,21,0,0
BRDA:293,21,1,0
BRDA:309,22,0,0
BRDA:309,22,1,0
BRDA:324,23,0,0
BRDA:324,23,1,0
BRDA:334,24,0,0
BRDA:334,24,1,0
BRDA:358,25,0,0
BRDA:358,25,1,0
BRDA:367,26,0,0
BRDA:367,26,1,0
BRDA:402,27,0,0
BRDA:402,27,1,0
BRDA:405,28,0,0
BRDA:405,28,1,0
BRDA:411,29,0,0
BRDA:411,29,1,0
BRDA:423,30,0,0
BRDA:423,30,1,0
BRDA:446,31,0,0
BRDA:446,31,1,0
BRDA:449,32,0,0
BRDA:449,32,1,0
BRDA:449,33,0,0
BRDA:449,33,1,0
BRDA:459,34,0,0
BRDA:459,34,1,0
BRDA:473,35,0,0
BRDA:473,35,1,0
BRDA:506,36,0,0
BRDA:506,36,1,0
BRDA:507,37,0,0
BRDA:507,37,1,0
BRDA:509,38,0,0
BRDA:509,38,1,0
BRDA:510,39,0,0
BRDA:510,39,1,0
BRDA:510,39,2,0
BRDA:511,40,0,0
BRDA:511,40,1,0
BRDA:511,40,2,0
BRDA:512,41,0,0
BRDA:512,41,1,0
BRDA:512,41,2,0
BRDA:513,42,0,0
BRDA:513,42,1,0
BRDA:513,42,2,0
BRDA:517,43,0,0
BRDA:517,43,1,0
BRDA:517,44,0,0
BRDA:517,44,1,0
BRDA:518,45,0,0
BRDA:518,45,1,0
BRDA:526,46,0,0
BRDA:526,46,1,0
BRDA:555,47,0,0
BRDA:555,47,1,0
BRDA:556,48,0,0
BRDA:556,48,1,0
BRDA:557,49,0,0
BRDA:557,49,1,0
BRDA:558,50,0,0
BRDA:558,50,1,0
BRDA:561,51,0,0
BRDA:561,51,1,0
BRDA:562,52,0,0
BRDA:562,52,1,0
BRDA:563,53,0,0
BRDA:563,53,1,0
BRDA:564,54,0,0
BRDA:564,54,1,0
BRDA:565,55,0,0
BRDA:565,55,1,0
BRDA:574,56,0,0
BRDA:574,56,1,0
BRDA:616,57,0,0
BRDA:616,57,1,0
BRDA:633,58,0,0
BRDA:633,58,1,0
BRF:122
BRH:0
end_of_record
TN:
SF:services\faturamento-real.ts
FN:61,(anonymous_0)
FN:80,(anonymous_1)
FN:98,(anonymous_2)
FN:122,(anonymous_3)
FN:139,(anonymous_4)
FN:171,(anonymous_5)
FN:193,(anonymous_6)
FN:209,(anonymous_7)
FN:219,(anonymous_8)
FN:225,(anonymous_9)
FN:241,(anonymous_10)
FN:253,(anonymous_11)
FN:267,(anonymous_12)
FN:298,(anonymous_13)
FN:320,(anonymous_14)
FN:340,(anonymous_15)
FN:354,(anonymous_16)
FN:366,(anonymous_17)
FN:379,(anonymous_18)
FN:386,(anonymous_19)
FN:390,(anonymous_20)
FNF:21
FNH:0
FNDA:0,(anonymous_0)
FNDA:0,(anonymous_1)
FNDA:0,(anonymous_2)
FNDA:0,(anonymous_3)
FNDA:0,(anonymous_4)
FNDA:0,(anonymous_5)
FNDA:0,(anonymous_6)
FNDA:0,(anonymous_7)
FNDA:0,(anonymous_8)
FNDA:0,(anonymous_9)
FNDA:0,(anonymous_10)
FNDA:0,(anonymous_11)
FNDA:0,(anonymous_12)
FNDA:0,(anonymous_13)
FNDA:0,(anonymous_14)
FNDA:0,(anonymous_15)
FNDA:0,(anonymous_16)
FNDA:0,(anonymous_17)
FNDA:0,(anonymous_18)
FNDA:0,(anonymous_19)
FNDA:0,(anonymous_20)
DA:62,0
DA:69,0
DA:70,0
DA:71,0
DA:74,0
DA:81,0
DA:87,0
DA:88,0
DA:89,0
DA:92,0
DA:103,0
DA:111,0
DA:112,0
DA:113,0
DA:116,0
DA:123,0
DA:128,0
DA:129,0
DA:130,0
DA:133,0
DA:143,0
DA:149,0
DA:150,0
DA:152,0
DA:153,0
DA:156,0
DA:160,0
DA:161,0
DA:162,0
DA:165,0
DA:175,0
DA:181,0
DA:182,0
DA:184,0
DA:187,0
DA:197,0
DA:203,0
DA:204,0
DA:205,0
DA:209,0
DA:210,0
DA:211,0
DA:212,0
DA:214,0
DA:215,0
DA:216,0
DA:219,0
DA:226,0
DA:229,0
DA:230,0
DA:232,0
DA:235,0
DA:242,0
DA:247,0
DA:248,0
DA:249,0
DA:253,0
DA:254,0
DA:255,0
DA:256,0
DA:258,0
DA:261,0
DA:271,0
DA:275,0
DA:276,0
DA:278,0
DA:279,0
DA:282,0
DA:287,0
DA:288,0
DA:289,0
DA:292,0
DA:302,0
DA:309,0
DA:310,0
DA:311,0
DA:314,0
DA:323,0
DA:329,0
DA:330,0
DA:331,0
DA:334,0
DA:344,0
DA:345,0
DA:346,0
DA:348,0
DA:360,0
DA:365,0
DA:366,0
DA:367,0
DA:369,0
DA:379,0
DA:380,0
DA:386,0
DA:387,0
DA:390,0
DA:391,0
LF:97
LH:0
BRDA:69,0,0,0
BRDA:69,0,1,0
BRDA:74,1,0,0
BRDA:74,1,1,0
BRDA:87,2,0,0
BRDA:87,2,1,0
BRDA:111,3,0,0
BRDA:111,3,1,0
BRDA:116,4,0,0
BRDA:116,4,1,0
BRDA:128,5,0,0
BRDA:128,5,1,0
BRDA:133,6,0,0
BRDA:133,6,1,0
BRDA:149,7,0,0
BRDA:149,7,1,0
BRDA:152,8,0,0
BRDA:152,8,1,0
BRDA:160,9,0,0
BRDA:160,9,1,0
BRDA:165,10,0,0
BRDA:165,10,1,0
BRDA:181,11,0,0
BRDA:181,11,1,0
BRDA:187,12,0,0
BRDA:187,12,1,0
BRDA:203,13,0,0
BRDA:203,13,1,0
BRDA:211,14,0,0
BRDA:211,14,1,0
BRDA:229,15,0,0
BRDA:229,15,1,0
BRDA:235,16,0,0
BRDA:235,16,1,0
BRDA:247,17,0,0
BRDA:247,17,1,0
BRDA:255,18,0,0
BRDA:255,18,1,0
BRDA:275,19,0,0
BRDA:275,19,1,0
BRDA:278,20,0,0
BRDA:278,20,1,0
BRDA:287,21,0,0
BRDA:287,21,1,0
BRDA:292,22,0,0
BRDA:292,22,1,0
BRDA:309,23,0,0
BRDA:309,23,1,0
BRDA:329,24,0,0
BRDA:329,24,1,0
BRDA:365,25,0,0
BRDA:365,25,1,0
BRDA:366,26,0,0
BRDA:366,26,1,0
BRDA:367,27,0,0
BRDA:367,27,1,0
BRF:56
BRH:0
end_of_record
TN:
SF:services\faturamento-simples.ts
FN:82,buscarFaturamentoServico
FN:101,buscarResumoFaturamentoServico
FN:119,buscarFaturamentoPorEquipe
FN:143,buscarRankingEquipes
FN:167,buscarRankingEquipesFallback
FN:186,(anonymous_5)
FN:201,(anonymous_6)
FN:208,buscarResumoFaturamentoPorGrupo
FN:225,buscarServicosComSubstituicao
FN:258,buscarValoresFaturamento
FN:278,buscarValoresPorGrupo
FN:298,atualizarValorFaturamento
FN:320,criarValorFaturamento
FN:344,formatarValor
FN:354,calcularTotalFaturamento
FN:355,(anonymous_15)
FN:361,agruparPorGrupo
FN:362,(anonymous_17)
FN:374,temSubstituicaoTransformador
FN:375,(anonymous_19)
FNF:20
FNH:0
FNDA:0,buscarFaturamentoServico
FNDA:0,buscarResumoFaturamentoServico
FNDA:0,buscarFaturamentoPorEquipe
FNDA:0,buscarRankingEquipes
FNDA:0,buscarRankingEquipesFallback
FNDA:0,(anonymous_5)
FNDA:0,(anonymous_6)
FNDA:0,buscarResumoFaturamentoPorGrupo
FNDA:0,buscarServicosComSubstituicao
FNDA:0,buscarValoresFaturamento
FNDA:0,buscarValoresPorGrupo
FNDA:0,atualizarValorFaturamento
FNDA:0,criarValorFaturamento
FNDA:0,formatarValor
FNDA:0,calcularTotalFaturamento
FNDA:0,(anonymous_15)
FNDA:0,agruparPorGrupo
FNDA:0,(anonymous_17)
FNDA:0,temSubstituicaoTransformador
FNDA:0,(anonymous_19)
DA:83,0
DA:90,0
DA:91,0
DA:92,0
DA:95,0
DA:102,0
DA:108,0
DA:109,0
DA:110,0
DA:113,0
DA:124,0
DA:132,0
DA:133,0
DA:134,0
DA:137,0
DA:148,0
DA:155,0
DA:156,0
DA:158,0
DA:161,0
DA:172,0
DA:181,0
DA:182,0
DA:186,0
DA:187,0
DA:188,0
DA:189,0
DA:195,0
DA:196,0
DA:197,0
DA:200,0
DA:201,0
DA:209,0
DA:214,0
DA:215,0
DA:216,0
DA:219,0
DA:229,0
DA:234,0
DA:235,0
DA:237,0
DA:238,0
DA:241,0
DA:243,0
DA:244,0
DA:245,0
DA:248,0
DA:259,0
DA:267,0
DA:268,0
DA:269,0
DA:272,0
DA:279,0
DA:287,0
DA:288,0
DA:289,0
DA:292,0
DA:302,0
DA:309,0
DA:310,0
DA:311,0
DA:314,0
DA:323,0
DA:329,0
DA:330,0
DA:331,0
DA:334,0
DA:345,0
DA:355,0
DA:362,0
DA:363,0
DA:364,0
DA:366,0
DA:367,0
DA:375,0
LF:75
LH:0
BRDA:90,0,0,0
BRDA:90,0,1,0
BRDA:95,1,0,0
BRDA:95,1,1,0
BRDA:108,2,0,0
BRDA:108,2,1,0
BRDA:132,3,0,0
BRDA:132,3,1,0
BRDA:137,4,0,0
BRDA:137,4,1,0
BRDA:146,5,0,0
BRDA:155,6,0,0
BRDA:155,6,1,0
BRDA:161,7,0,0
BRDA:161,7,1,0
BRDA:181,8,0,0
BRDA:181,8,1,0
BRDA:186,9,0,0
BRDA:186,9,1,0
BRDA:188,10,0,0
BRDA:188,10,1,0
BRDA:214,11,0,0
BRDA:214,11,1,0
BRDA:219,12,0,0
BRDA:219,12,1,0
BRDA:234,13,0,0
BRDA:234,13,1,0
BRDA:237,14,0,0
BRDA:237,14,1,0
BRDA:243,15,0,0
BRDA:243,15,1,0
BRDA:248,16,0,0
BRDA:248,16,1,0
BRDA:267,17,0,0
BRDA:267,17,1,0
BRDA:272,18,0,0
BRDA:272,18,1,0
BRDA:287,19,0,0
BRDA:287,19,1,0
BRDA:292,20,0,0
BRDA:292,20,1,0
BRDA:309,21,0,0
BRDA:309,21,1,0
BRDA:329,22,0,0
BRDA:329,22,1,0
BRDA:363,23,0,0
BRDA:363,23,1,0
BRDA:375,24,0,0
BRDA:375,24,1,0
BRF:49
BRH:0
end_of_record
TN:
SF:services\faturamento.ts
FN:79,(anonymous_0)
FN:93,(anonymous_1)
FN:107,(anonymous_2)
FN:137,(anonymous_3)
FN:149,(anonymous_4)
FN:162,(anonymous_5)
FN:176,(anonymous_6)
FN:298,(anonymous_7)
FN:314,(anonymous_8)
FN:326,(anonymous_9)
FN:339,(anonymous_10)
FN:352,(anonymous_11)
FN:364,(anonymous_12)
FN:381,(anonymous_13)
FN:393,(anonymous_14)
FN:394,(anonymous_15)
FN:395,(anonymous_16)
FN:396,(anonymous_17)
FN:397,(anonymous_18)
FN:398,(anonymous_19)
FN:399,(anonymous_20)
FN:400,(anonymous_21)
FN:407,(anonymous_22)
FN:417,(anonymous_23)
FN:422,(anonymous_24)
FNF:25
FNH:0
FNDA:0,(anonymous_0)
FNDA:0,(anonymous_1)
FNDA:0,(anonymous_2)
FNDA:0,(anonymous_3)
FNDA:0,(anonymous_4)
FNDA:0,(anonymous_5)
FNDA:0,(anonymous_6)
FNDA:0,(anonymous_7)
FNDA:0,(anonymous_8)
FNDA:0,(anonymous_9)
FNDA:0,(anonymous_10)
FNDA:0,(anonymous_11)
FNDA:0,(anonymous_12)
FNDA:0,(anonymous_13)
FNDA:0,(anonymous_14)
FNDA:0,(anonymous_15)
FNDA:0,(anonymous_16)
FNDA:0,(anonymous_17)
FNDA:0,(anonymous_18)
FNDA:0,(anonymous_19)
FNDA:0,(anonymous_20)
FNDA:0,(anonymous_21)
FNDA:0,(anonymous_22)
FNDA:0,(anonymous_23)
FNDA:0,(anonymous_24)
DA:72,0
DA:80,0
DA:88,0
DA:89,0
DA:94,0
DA:102,0
DA:103,0
DA:109,0
DA:118,0
DA:119,0
DA:123,0
DA:132,0
DA:133,0
DA:138,0
DA:144,0
DA:145,0
DA:150,0
DA:157,0
DA:158,0
DA:163,0
DA:168,0
DA:178,0
DA:187,0
DA:189,0
DA:190,0
DA:194,0
DA:200,0
DA:203,0
DA:204,0
DA:205,0
DA:206,0
DA:207,0
DA:209,0
DA:210,0
DA:211,0
DA:212,0
DA:213,0
DA:216,0
DA:218,0
DA:219,0
DA:221,0
DA:222,0
DA:223,0
DA:225,0
DA:226,0
DA:229,0
DA:243,0
DA:246,0
DA:252,0
DA:267,0
DA:269,0
DA:276,0
DA:277,0
DA:280,0
DA:286,0
DA:292,0
DA:293,0
DA:297,0
DA:298,0
DA:303,0
DA:307,0
DA:310,0
DA:315,0
DA:321,0
DA:322,0
DA:327,0
DA:334,0
DA:335,0
DA:340,0
DA:347,0
DA:348,0
DA:353,0
DA:359,0
DA:360,0
DA:365,0
DA:372,0
DA:373,0
DA:382,0
DA:388,0
DA:390,0
DA:393,0
DA:394,0
DA:395,0
DA:396,0
DA:397,0
DA:398,0
DA:399,0
DA:400,0
DA:403,0
DA:408,0
DA:414,0
DA:417,0
DA:418,0
DA:423,0
DA:429,0
DA:430,0
LF:96
LH:0
BRDA:88,0,0,0
BRDA:88,0,1,0
BRDA:102,1,0,0
BRDA:102,1,1,0
BRDA:118,2,0,0
BRDA:118,2,1,0
BRDA:118,3,0,0
BRDA:118,3,1,0
BRDA:132,4,0,0
BRDA:132,4,1,0
BRDA:132,5,0,0
BRDA:132,5,1,0
BRDA:133,6,0,0
BRDA:133,6,1,0
BRDA:144,7,0,0
BRDA:144,7,1,0
BRDA:157,8,0,0
BRDA:157,8,1,0
BRDA:168,9,0,0
BRDA:168,9,1,0
BRDA:187,10,0,0
BRDA:187,10,1,0
BRDA:189,11,0,0
BRDA:189,11,1,0
BRDA:189,12,0,0
BRDA:189,12,1,0
BRDA:200,13,0,0
BRDA:200,13,1,0
BRDA:210,14,0,0
BRDA:210,14,1,0
BRDA:211,15,0,0
BRDA:211,15,1,0
BRDA:213,16,0,0
BRDA:213,16,1,0
BRDA:218,17,0,0
BRDA:218,17,1,0
BRDA:221,18,0,0
BRDA:221,18,1,0
BRDA:267,19,0,0
BRDA:267,19,1,0
BRDA:276,20,0,0
BRDA:276,20,1,0
BRDA:292,21,0,0
BRDA:292,21,1,0
BRDA:297,22,0,0
BRDA:297,22,1,0
BRDA:307,23,0,0
BRDA:307,23,1,0
BRDA:321,24,0,0
BRDA:321,24,1,0
BRDA:321,25,0,0
BRDA:321,25,1,0
BRDA:322,26,0,0
BRDA:322,26,1,0
BRDA:334,27,0,0
BRDA:334,27,1,0
BRDA:347,28,0,0
BRDA:347,28,1,0
BRDA:359,29,0,0
BRDA:359,29,1,0
BRDA:372,30,0,0
BRDA:372,30,1,0
BRDA:388,31,0,0
BRDA:388,31,1,0
BRDA:414,32,0,0
BRDA:414,32,1,0
BRDA:422,33,0,0
BRDA:429,34,0,0
BRDA:429,34,1,0
BRF:69
BRH:0
end_of_record
TN:
SF:services\supabase.ts
FNF:0
FNH:0
DA:7,0
DA:8,0
DA:14,0
DA:15,0
DA:19,0
DA:23,0
DA:24,0
DA:25,0
DA:29,0
DA:30,0
DA:31,0
DA:34,0
DA:35,0
DA:36,0
DA:40,0
DA:63,0
LF:16
LH:0
BRDA:15,0,0,0
BRDA:15,0,1,0
BRDA:15,0,2,0
BRDA:19,1,0,0
BRDA:19,1,1,0
BRDA:19,1,2,0
BRDA:31,2,0,0
BRDA:31,2,1,0
BRDA:34,3,0,0
BRDA:34,3,1,0
BRDA:34,4,0,0
BRDA:34,4,1,0
BRF:12
BRH:0
end_of_record
TN:
SF:services\offline\ConflictResolver.ts
FN:11,(anonymous_0)
FN:50,(anonymous_1)
FN:73,(anonymous_2)
FN:84,(anonymous_3)
FN:107,(anonymous_4)
FN:126,(anonymous_5)
FNF:6
FNH:5
FNDA:8,(anonymous_0)
FNDA:11,(anonymous_1)
FNDA:4,(anonymous_2)
FNDA:4,(anonymous_3)
FNDA:12,(anonymous_4)
FNDA:0,(anonymous_5)
DA:16,8
DA:18,8
DA:19,1
DA:22,7
DA:23,7
DA:27,7
DA:29,1
DA:30,1
DA:32,1
DA:33,1
DA:35,4
DA:36,4
DA:38,1
DA:39,1
DA:42,7
DA:51,11
DA:52,11
DA:53,11
DA:55,11
DA:56,38
DA:58,20
DA:59,20
DA:61,20
DA:62,14
DA:70,11
DA:74,4
DA:75,4
DA:77,4
DA:78,1
DA:80,3
DA:85,4
DA:88,4
DA:91,4
DA:92,12
DA:93,4
DA:98,4
DA:99,8
DA:100,3
DA:104,4
DA:108,12
DA:109,11
DA:110,9
DA:112,8
DA:113,8
DA:114,8
DA:116,8
DA:117,8
DA:118,7
DA:120,6
DA:122,0
DA:128,0
LF:51
LH:49
BRDA:14,0,0,0
BRDA:18,1,0,1
BRDA:18,1,1,7
BRDA:27,2,0,1
BRDA:27,2,1,1
BRDA:27,2,2,4
BRDA:27,2,3,1
BRDA:46,3,0,6
BRDA:46,3,1,1
BRDA:56,4,0,18
BRDA:56,4,1,20
BRDA:61,5,0,14
BRDA:61,5,1,6
BRDA:74,6,0,4
BRDA:74,6,1,1
BRDA:75,7,0,4
BRDA:75,7,1,0
BRDA:77,8,0,1
BRDA:77,8,1,3
BRDA:92,9,0,4
BRDA:92,9,1,8
BRDA:99,10,0,3
BRDA:99,10,1,5
BRDA:99,11,0,8
BRDA:99,11,1,3
BRDA:108,12,0,1
BRDA:108,12,1,11
BRDA:108,13,0,12
BRDA:108,13,1,3
BRDA:109,14,0,2
BRDA:109,14,1,9
BRDA:110,15,0,1
BRDA:110,15,1,8
BRDA:116,16,0,0
BRDA:116,16,1,8
BRDA:116,17,0,8
BRDA:116,17,1,1
BRDA:117,18,0,1
BRDA:117,18,1,7
BRDA:118,19,0,1
BRDA:118,19,1,6
BRF:41
BRH:38
end_of_record
TN:
SF:services\offline\IDaraService.ts
FNF:0
FNH:0
LF:0
LH:0
BRF:0
BRH:0
end_of_record
TN:
SF:services\offline\NetworkService.ts
FN:7,(anonymous_0)
FN:9,(anonymous_1)
FN:18,(anonymous_2)
FN:22,(anonymous_3)
FN:27,(anonymous_4)
FN:31,(anonymous_5)
FNF:6
FNH:0
FNDA:0,(anonymous_0)
FNDA:0,(anonymous_1)
FNDA:0,(anonymous_2)
FNDA:0,(anonymous_3)
FNDA:0,(anonymous_4)
FNDA:0,(anonymous_5)
DA:5,0
DA:9,0
DA:10,0
DA:12,0
DA:14,0
DA:18,0
DA:23,0
DA:24,0
DA:28,0
DA:32,0
DA:34,0
DA:35,0
DA:36,0
DA:39,0
DA:41,0
LF:15
LH:0
BRDA:10,0,0,0
BRDA:10,0,1,0
BRDA:12,1,0,0
BRDA:12,1,1,0
BRDA:24,2,0,0
BRDA:24,2,1,0
BRF:6
BRH:0
end_of_record
TN:
SF:services\offline\OfflineDataService.ts
FN:5,(anonymous_0)
FN:6,(anonymous_1)
FN:8,(anonymous_2)
FN:15,(anonymous_3)
FN:22,(anonymous_4)
FN:28,(anonymous_5)
FN:29,(anonymous_6)
FN:31,(anonymous_7)
FN:37,(anonymous_8)
FN:38,(anonymous_9)
FNF:10
FNH:0
FNDA:0,(anonymous_0)
FNDA:0,(anonymous_1)
FNDA:0,(anonymous_2)
FNDA:0,(anonymous_3)
FNDA:0,(anonymous_4)
FNDA:0,(anonymous_5)
FNDA:0,(anonymous_6)
FNDA:0,(anonymous_7)
FNDA:0,(anonymous_8)
FNDA:0,(anonymous_9)
DA:6,0
DA:7,0
DA:8,0
DA:9,0
DA:16,0
DA:17,0
DA:18,0
DA:20,0
DA:22,0
DA:29,0
DA:30,0
DA:31,0
DA:32,0
DA:37,0
DA:38,0
LF:15
LH:0
BRF:0
BRH:0
end_of_record
TN:
SF:services\offline\QueueService.ts
FN:3,(anonymous_0)
FN:5,(anonymous_1)
FN:15,(anonymous_2)
FN:17,(anonymous_3)
FN:21,(anonymous_4)
FN:31,(anonymous_5)
FNF:6
FNH:0
FNDA:0,(anonymous_0)
FNDA:0,(anonymous_1)
FNDA:0,(anonymous_2)
FNDA:0,(anonymous_3)
FNDA:0,(anonymous_4)
FNDA:0,(anonymous_5)
DA:4,0
DA:5,0
DA:6,0
DA:16,0
DA:17,0
DA:18,0
DA:22,0
DA:23,0
DA:24,0
DA:32,0
DA:33,0
DA:35,0
DA:37,0
DA:41,0
DA:43,0
DA:46,0
DA:51,0
DA:54,0
LF:18
LH:0
BRDA:35,0,0,0
BRDA:35,0,1,0
BRF:2
BRH:0
end_of_record
TN:
SF:services\offline\database.ts
FN:6,(anonymous_0)
FN:8,(anonymous_1)
FNF:2
FNH:0
FNDA:0,(anonymous_0)
FNDA:0,(anonymous_1)
DA:3,1
DA:6,1
DA:8,0
DA:9,0
DA:23,0
DA:37,0
DA:56,0
DA:68,0
LF:8
LH:2
BRF:0
BRH:0
end_of_record
TN:
SF:services\offline\syncService.ts
FN:6,(anonymous_0)
FN:20,(anonymous_1)
FN:21,(anonymous_2)
FN:39,(anonymous_3)
FN:44,(anonymous_4)
FN:48,(anonymous_5)
FNF:6
FNH:0
FNDA:0,(anonymous_0)
FNDA:0,(anonymous_1)
FNDA:0,(anonymous_2)
FNDA:0,(anonymous_3)
FNDA:0,(anonymous_4)
FNDA:0,(anonymous_5)
DA:7,0
DA:9,0
DA:13,0
DA:18,0
DA:20,0
DA:21,0
DA:22,0
DA:34,0
DA:40,0
DA:41,0
DA:44,0
DA:45,0
DA:49,0
DA:50,0
DA:53,0
DA:63,0
DA:65,0
DA:75,0
LF:18
LH:0
BRDA:63,0,0,0
BRDA:63,0,1,0
BRF:2
BRH:0
end_of_record
